{"/Users/xiangfang/Developer/projects/Stock_Trading_Life_Simulation/src/data/characters.ts": {"path":"/Users/xiangfang/Developer/projects/Stock_Trading_Life_Simulation/src/data/characters.ts","statementMap":{"0":{"start":{"line":3,"column":59},"end":{"line":62,"column":null}},"1":{"start":{"line":64,"column":31},"end":{"line":64,"column":null}},"2":{"start":{"line":67,"column":15},"end":{"line":67,"column":null}},"3":{"start":{"line":68,"column":2},"end":{"line":69,"column":null}},"4":{"start":{"line":69,"column":4},"end":{"line":69,"column":null}},"5":{"start":{"line":71,"column":2},"end":{"line":71,"column":null}}},"fnMap":{"0":{"name":"getCharacter","decl":{"start":{"line":66,"column":16},"end":{"line":66,"column":29}},"loc":{"start":{"line":66,"column":58},"end":{"line":71,"column":null}},"line":66}},"branchMap":{"0":{"loc":{"start":{"line":68,"column":2},"end":{"line":69,"column":null}},"type":"if","locations":[{"start":{"line":68,"column":2},"end":{"line":69,"column":null}},{"start":{},"end":{}}],"line":68}},"s":{"0":3,"1":3,"2":26,"3":26,"4":1,"5":25},"f":{"0":26},"b":{"0":[1,25]},"meta":{"lastBranch":1,"lastFunction":1,"lastStatement":6,"seen":{"s:3:59:62:Infinity":0,"s:64:31:64:Infinity":1,"f:66:16:66:29":0,"s:67:15:67:Infinity":2,"b:68:2:69:Infinity:undefined:undefined:undefined:undefined":0,"s:68:2:69:Infinity":3,"s:69:4:69:Infinity":4,"s:71:2:71:Infinity":5}}}
,"/Users/xiangfang/Developer/projects/Stock_Trading_Life_Simulation/src/data/lifeEvents.ts": {"path":"/Users/xiangfang/Developer/projects/Stock_Trading_Life_Simulation/src/data/lifeEvents.ts","statementMap":{"0":{"start":{"line":30,"column":40},"end":{"line":84,"column":null}}},"fnMap":{},"branchMap":{},"s":{"0":1},"f":{},"b":{},"meta":{"lastBranch":0,"lastFunction":0,"lastStatement":1,"seen":{"s:30:40:84:Infinity":0}}}
,"/Users/xiangfang/Developer/projects/Stock_Trading_Life_Simulation/src/data/sampleMarket.json": {"path":"/Users/xiangfang/Developer/projects/Stock_Trading_Life_Simulation/src/data/sampleMarket.json","statementMap":{"0":{"start":{"line":1,"column":25},"end":{"line":1,"column":27}},"1":{"start":{"line":2,"column":22},"end":{"line":2,"column":67792}}},"fnMap":{},"branchMap":{},"s":{"0":0,"1":0},"f":{},"b":{},"meta":{"lastBranch":0,"lastFunction":0,"lastStatement":2,"seen":{"s:1:25:1:27":0,"s:2:22:2:67792":1}}}
,"/Users/xiangfang/Developer/projects/Stock_Trading_Life_Simulation/src/data/scenes.ts": {"path":"/Users/xiangfang/Developer/projects/Stock_Trading_Life_Simulation/src/data/scenes.ts","statementMap":{"0":{"start":{"line":4,"column":44},"end":{"line":97,"column":null}},"1":{"start":{"line":99,"column":42},"end":{"line":236,"column":null}},"2":{"start":{"line":240,"column":20},"end":{"line":246,"column":null}},"3":{"start":{"line":247,"column":18},"end":{"line":247,"column":41}},"4":{"start":{"line":248,"column":2},"end":{"line":251,"column":null}},"5":{"start":{"line":249,"column":21},"end":{"line":249,"column":49}},"6":{"start":{"line":250,"column":4},"end":{"line":250,"column":null}},"7":{"start":{"line":256,"column":15},"end":{"line":256,"column":62}},"8":{"start":{"line":256,"column":40},"end":{"line":256,"column":62}},"9":{"start":{"line":257,"column":19},"end":{"line":257,"column":60}},"10":{"start":{"line":257,"column":40},"end":{"line":257,"column":60}},"11":{"start":{"line":258,"column":2},"end":{"line":258,"column":null}}},"fnMap":{"0":{"name":"getUnlockedScenes","decl":{"start":{"line":239,"column":16},"end":{"line":239,"column":34}},"loc":{"start":{"line":239,"column":66},"end":{"line":251,"column":null}},"line":239},"1":{"name":"(anonymous_1)","decl":{"start":{"line":248,"column":23},"end":{"line":248,"column":30}},"loc":{"start":{"line":248,"column":35},"end":{"line":251,"column":null}},"line":248},"2":{"name":"getRandomEvents","decl":{"start":{"line":255,"column":16},"end":{"line":255,"column":32}},"loc":{"start":{"line":255,"column":82},"end":{"line":258,"column":null}},"line":255},"3":{"name":"(anonymous_3)","decl":{"start":{"line":256,"column":28},"end":{"line":256,"column":35}},"loc":{"start":{"line":256,"column":40},"end":{"line":256,"column":62}},"line":256},"4":{"name":"(anonymous_4)","decl":{"start":{"line":257,"column":29},"end":{"line":257,"column":40}},"loc":{"start":{"line":257,"column":40},"end":{"line":257,"column":60}},"line":257}},"branchMap":{"0":{"loc":{"start":{"line":255,"column":49},"end":{"line":255,"column":82}},"type":"default-arg","locations":[{"start":{"line":255,"column":65},"end":{"line":255,"column":82}}],"line":255}},"s":{"0":1,"1":1,"2":5,"3":5,"4":5,"5":50,"6":50,"7":3,"8":63,"9":3,"10":4,"11":3},"f":{"0":5,"1":50,"2":3,"3":63,"4":4},"b":{"0":[3]},"meta":{"lastBranch":1,"lastFunction":5,"lastStatement":12,"seen":{"s:4:44:97:Infinity":0,"s:99:42:236:Infinity":1,"f:239:16:239:34":0,"s:240:20:246:Infinity":2,"s:247:18:247:41":3,"s:248:2:251:Infinity":4,"f:248:23:248:30":1,"s:249:21:249:49":5,"s:250:4:250:Infinity":6,"f:255:16:255:32":2,"b:255:65:255:82":0,"s:256:15:256:62":7,"f:256:28:256:35":3,"s:256:40:256:62":8,"s:257:19:257:60":9,"f:257:29:257:40":4,"s:257:40:257:60":10,"s:258:2:258:Infinity":11}}}
,"/Users/xiangfang/Developer/projects/Stock_Trading_Life_Simulation/src/data/stockPool.json": {"path":"/Users/xiangfang/Developer/projects/Stock_Trading_Life_Simulation/src/data/stockPool.json","statementMap":{"0":{"start":{"line":1,"column":22},"end":{"line":1,"column":4927}}},"fnMap":{},"branchMap":{},"s":{"0":0},"f":{},"b":{},"meta":{"lastBranch":0,"lastFunction":0,"lastStatement":1,"seen":{"s:1:22:1:4927":0}}}
,"/Users/xiangfang/Developer/projects/Stock_Trading_Life_Simulation/src/managers/AbilityManager.ts": {"path":"/Users/xiangfang/Developer/projects/Stock_Trading_Life_Simulation/src/managers/AbilityManager.ts","statementMap":{"0":{"start":{"line":7,"column":20},"end":{"line":7,"column":null}},"1":{"start":{"line":8,"column":22},"end":{"line":12,"column":null}},"2":{"start":{"line":13,"column":4},"end":{"line":19,"column":null}},"3":{"start":{"line":24,"column":10},"end":{"line":24,"column":46}},"4":{"start":{"line":25,"column":4},"end":{"line":25,"column":null}},"5":{"start":{"line":25,"column":50},"end":{"line":25,"column":null}},"6":{"start":{"line":26,"column":20},"end":{"line":26,"column":null}},"7":{"start":{"line":27,"column":4},"end":{"line":33,"column":null}},"8":{"start":{"line":42,"column":4},"end":{"line":73,"column":null}},"9":{"start":{"line":44,"column":8},"end":{"line":47,"column":null}},"10":{"start":{"line":50,"column":8},"end":{"line":52,"column":null}},"11":{"start":{"line":55,"column":8},"end":{"line":57,"column":null}},"12":{"start":{"line":59,"column":25},"end":{"line":59,"column":75}},"13":{"start":{"line":60,"column":8},"end":{"line":64,"column":null}},"14":{"start":{"line":61,"column":10},"end":{"line":64,"column":null}},"15":{"start":{"line":66,"column":14},"end":{"line":66,"column":50}},"16":{"start":{"line":67,"column":14},"end":{"line":67,"column":null}},"17":{"start":{"line":68,"column":8},"end":{"line":70,"column":null}},"18":{"start":{"line":73,"column":8},"end":{"line":73,"column":null}}},"fnMap":{"0":{"name":"(anonymous_0)","decl":{"start":{"line":6,"column":9},"end":{"line":6,"column":29}},"loc":{"start":{"line":6,"column":72},"end":{"line":19,"column":null}},"line":6},"1":{"name":"(anonymous_1)","decl":{"start":{"line":23,"column":9},"end":{"line":23,"column":30}},"loc":{"start":{"line":23,"column":80},"end":{"line":33,"column":null}},"line":23},"2":{"name":"(anonymous_2)","decl":{"start":{"line":37,"column":9},"end":{"line":37,"column":null}},"loc":{"start":{"line":41,"column":43},"end":{"line":73,"column":null}},"line":41}},"branchMap":{"0":{"loc":{"start":{"line":25,"column":4},"end":{"line":25,"column":null}},"type":"if","locations":[{"start":{"line":25,"column":4},"end":{"line":25,"column":null}},{"start":{},"end":{}}],"line":25},"1":{"loc":{"start":{"line":25,"column":15},"end":{"line":25,"column":47}},"type":"binary-expr","locations":[{"start":{"line":25,"column":15},"end":{"line":25,"column":40}},{"start":{"line":25,"column":40},"end":{"line":25,"column":47}}],"line":25},"2":{"loc":{"start":{"line":42,"column":4},"end":{"line":73,"column":null}},"type":"switch","locations":[{"start":{"line":43,"column":6},"end":{"line":47,"column":null}},{"start":{"line":48,"column":6},"end":{"line":52,"column":null}},{"start":{"line":53,"column":6},"end":{"line":57,"column":null}},{"start":{"line":58,"column":6},"end":{"line":70,"column":null}},{"start":{"line":72,"column":6},"end":{"line":73,"column":null}}],"line":42},"3":{"loc":{"start":{"line":60,"column":8},"end":{"line":64,"column":null}},"type":"if","locations":[{"start":{"line":60,"column":8},"end":{"line":64,"column":null}},{"start":{},"end":{}}],"line":60},"4":{"loc":{"start":{"line":67,"column":25},"end":{"line":67,"column":56}},"type":"binary-expr","locations":[{"start":{"line":67,"column":25},"end":{"line":67,"column":50}},{"start":{"line":67,"column":50},"end":{"line":67,"column":56}}],"line":67},"5":{"loc":{"start":{"line":67,"column":63},"end":{"line":67,"column":null}},"type":"binary-expr","locations":[{"start":{"line":67,"column":63},"end":{"line":67,"column":88}},{"start":{"line":67,"column":88},"end":{"line":67,"column":null}}],"line":67}},"s":{"0":2,"1":2,"2":2,"3":5,"4":5,"5":3,"6":2,"7":2,"8":6,"9":1,"10":1,"11":1,"12":2,"13":2,"14":1,"15":1,"16":1,"17":2,"18":1},"f":{"0":1,"1":1,"2":1},"b":{"0":[3,2],"1":[5,0],"2":[1,1,1,2,1],"3":[1,1],"4":[1,0],"5":[2,0]},"meta":{"lastBranch":6,"lastFunction":3,"lastStatement":19,"seen":{"f:6:9:6:29":0,"s:7:20:7:Infinity":0,"s:8:22:12:Infinity":1,"s:13:4:19:Infinity":2,"f:23:9:23:30":1,"s:24:10:24:46":3,"b:25:4:25:Infinity:undefined:undefined:undefined:undefined":0,"s:25:4:25:Infinity":4,"b:25:15:25:40:25:40:25:47":1,"s:25:50:25:Infinity":5,"s:26:20:26:Infinity":6,"s:27:4:33:Infinity":7,"f:37:9:37:Infinity":2,"b:43:6:47:Infinity:48:6:52:Infinity:53:6:57:Infinity:58:6:70:Infinity:72:6:73:Infinity":2,"s:42:4:73:Infinity":8,"s:44:8:47:Infinity":9,"s:50:8:52:Infinity":10,"s:55:8:57:Infinity":11,"s:59:25:59:75":12,"b:60:8:64:Infinity:undefined:undefined:undefined:undefined":3,"s:60:8:64:Infinity":13,"s:61:10:64:Infinity":14,"s:66:14:66:50":15,"s:67:14:67:Infinity":16,"b:67:25:67:50:67:50:67:56":4,"b:67:63:67:88:67:88:67:Infinity":5,"s:68:8:70:Infinity":17,"s:73:8:73:Infinity":18}}}
,"/Users/xiangfang/Developer/projects/Stock_Trading_Life_Simulation/src/managers/AudioManager.ts": {"path":"/Users/xiangfang/Developer/projects/Stock_Trading_Life_Simulation/src/managers/AudioManager.ts","statementMap":{"0":{"start":{"line":2,"column":37},"end":{"line":2,"column":null}},"1":{"start":{"line":3,"column":20},"end":{"line":3,"column":null}},"2":{"start":{"line":6,"column":4},"end":{"line":9,"column":null}},"3":{"start":{"line":7,"column":6},"end":{"line":7,"column":null}},"4":{"start":{"line":9,"column":6},"end":{"line":9,"column":null}},"5":{"start":{"line":14,"column":4},"end":{"line":14,"column":null}},"6":{"start":{"line":18,"column":4},"end":{"line":18,"column":null}},"7":{"start":{"line":23,"column":4},"end":{"line":23,"column":null}},"8":{"start":{"line":28,"column":4},"end":{"line":28,"column":null}},"9":{"start":{"line":29,"column":4},"end":{"line":29,"column":null}},"10":{"start":{"line":29,"column":21},"end":{"line":29,"column":52}},"11":{"start":{"line":34,"column":4},"end":{"line":34,"column":null}},"12":{"start":{"line":35,"column":4},"end":{"line":35,"column":null}},"13":{"start":{"line":35,"column":21},"end":{"line":35,"column":52}},"14":{"start":{"line":40,"column":4},"end":{"line":40,"column":null}},"15":{"start":{"line":45,"column":4},"end":{"line":45,"column":null}},"16":{"start":{"line":46,"column":4},"end":{"line":46,"column":null}},"17":{"start":{"line":46,"column":21},"end":{"line":46,"column":52}},"18":{"start":{"line":47,"column":4},"end":{"line":47,"column":null}},"19":{"start":{"line":47,"column":21},"end":{"line":47,"column":53}},"20":{"start":{"line":52,"column":4},"end":{"line":52,"column":null}},"21":{"start":{"line":53,"column":4},"end":{"line":53,"column":null}},"22":{"start":{"line":53,"column":21},"end":{"line":53,"column":62}},"23":{"start":{"line":58,"column":4},"end":{"line":58,"column":null}},"24":{"start":{"line":59,"column":4},"end":{"line":59,"column":null}},"25":{"start":{"line":59,"column":21},"end":{"line":59,"column":57}},"26":{"start":{"line":60,"column":4},"end":{"line":60,"column":null}},"27":{"start":{"line":60,"column":21},"end":{"line":60,"column":56}},"28":{"start":{"line":69,"column":4},"end":{"line":69,"column":null}},"29":{"start":{"line":69,"column":36},"end":{"line":69,"column":null}},"30":{"start":{"line":71,"column":16},"end":{"line":71,"column":43}},"31":{"start":{"line":72,"column":17},"end":{"line":72,"column":38}},"32":{"start":{"line":73,"column":4},"end":{"line":73,"column":null}},"33":{"start":{"line":74,"column":4},"end":{"line":74,"column":null}},"34":{"start":{"line":76,"column":4},"end":{"line":76,"column":null}},"35":{"start":{"line":77,"column":4},"end":{"line":77,"column":null}},"36":{"start":{"line":78,"column":4},"end":{"line":78,"column":null}},"37":{"start":{"line":79,"column":4},"end":{"line":79,"column":null}},"38":{"start":{"line":81,"column":4},"end":{"line":81,"column":null}},"39":{"start":{"line":82,"column":4},"end":{"line":82,"column":null}},"40":{"start":{"line":87,"column":28},"end":{"line":87,"column":46}}},"fnMap":{"0":{"name":"(anonymous_0)","decl":{"start":{"line":5,"column":2},"end":{"line":5,"column":15}},"loc":{"start":{"line":5,"column":15},"end":{"line":9,"column":null}},"line":5},"1":{"name":"(anonymous_1)","decl":{"start":{"line":13,"column":2},"end":{"line":13,"column":17}},"loc":{"start":{"line":13,"column":17},"end":{"line":14,"column":null}},"line":13},"2":{"name":"(anonymous_2)","decl":{"start":{"line":17,"column":2},"end":{"line":17,"column":23}},"loc":{"start":{"line":17,"column":23},"end":{"line":18,"column":null}},"line":17},"3":{"name":"(anonymous_3)","decl":{"start":{"line":22,"column":2},"end":{"line":22,"column":20}},"loc":{"start":{"line":22,"column":20},"end":{"line":23,"column":null}},"line":22},"4":{"name":"(anonymous_4)","decl":{"start":{"line":27,"column":2},"end":{"line":27,"column":18}},"loc":{"start":{"line":27,"column":18},"end":{"line":29,"column":null}},"line":27},"5":{"name":"(anonymous_5)","decl":{"start":{"line":29,"column":4},"end":{"line":29,"column":21}},"loc":{"start":{"line":29,"column":21},"end":{"line":29,"column":52}},"line":29},"6":{"name":"(anonymous_6)","decl":{"start":{"line":33,"column":2},"end":{"line":33,"column":19}},"loc":{"start":{"line":33,"column":19},"end":{"line":35,"column":null}},"line":33},"7":{"name":"(anonymous_7)","decl":{"start":{"line":35,"column":4},"end":{"line":35,"column":21}},"loc":{"start":{"line":35,"column":21},"end":{"line":35,"column":52}},"line":35},"8":{"name":"(anonymous_8)","decl":{"start":{"line":39,"column":2},"end":{"line":39,"column":19}},"loc":{"start":{"line":39,"column":19},"end":{"line":40,"column":null}},"line":39},"9":{"name":"(anonymous_9)","decl":{"start":{"line":44,"column":2},"end":{"line":44,"column":19}},"loc":{"start":{"line":44,"column":19},"end":{"line":47,"column":null}},"line":44},"10":{"name":"(anonymous_10)","decl":{"start":{"line":46,"column":4},"end":{"line":46,"column":21}},"loc":{"start":{"line":46,"column":21},"end":{"line":46,"column":52}},"line":46},"11":{"name":"(anonymous_11)","decl":{"start":{"line":47,"column":4},"end":{"line":47,"column":21}},"loc":{"start":{"line":47,"column":21},"end":{"line":47,"column":53}},"line":47},"12":{"name":"(anonymous_12)","decl":{"start":{"line":51,"column":2},"end":{"line":51,"column":18}},"loc":{"start":{"line":51,"column":18},"end":{"line":53,"column":null}},"line":51},"13":{"name":"(anonymous_13)","decl":{"start":{"line":53,"column":4},"end":{"line":53,"column":21}},"loc":{"start":{"line":53,"column":21},"end":{"line":53,"column":62}},"line":53},"14":{"name":"(anonymous_14)","decl":{"start":{"line":57,"column":2},"end":{"line":57,"column":21}},"loc":{"start":{"line":57,"column":21},"end":{"line":60,"column":null}},"line":57},"15":{"name":"(anonymous_15)","decl":{"start":{"line":59,"column":4},"end":{"line":59,"column":21}},"loc":{"start":{"line":59,"column":21},"end":{"line":59,"column":57}},"line":59},"16":{"name":"(anonymous_16)","decl":{"start":{"line":60,"column":4},"end":{"line":60,"column":21}},"loc":{"start":{"line":60,"column":21},"end":{"line":60,"column":56}},"line":60},"17":{"name":"(anonymous_17)","decl":{"start":{"line":63,"column":2},"end":{"line":63,"column":10}},"loc":{"start":{"line":68,"column":10},"end":{"line":82,"column":null}},"line":68}},"branchMap":{"0":{"loc":{"start":{"line":66,"column":4},"end":{"line":66,"column":null}},"type":"default-arg","locations":[{"start":{"line":66,"column":27},"end":{"line":66,"column":null}}],"line":66},"1":{"loc":{"start":{"line":67,"column":4},"end":{"line":67,"column":null}},"type":"default-arg","locations":[{"start":{"line":67,"column":21},"end":{"line":67,"column":null}}],"line":67},"2":{"loc":{"start":{"line":69,"column":4},"end":{"line":69,"column":null}},"type":"if","locations":[{"start":{"line":69,"column":4},"end":{"line":69,"column":null}},{"start":{},"end":{}}],"line":69},"3":{"loc":{"start":{"line":69,"column":8},"end":{"line":69,"column":36}},"type":"binary-expr","locations":[{"start":{"line":69,"column":8},"end":{"line":69,"column":25}},{"start":{"line":69,"column":25},"end":{"line":69,"column":36}}],"line":69}},"s":{"0":0,"1":0,"2":0,"3":0,"4":0,"5":0,"6":0,"7":0,"8":0,"9":0,"10":0,"11":0,"12":0,"13":0,"14":0,"15":0,"16":0,"17":0,"18":0,"19":0,"20":0,"21":0,"22":0,"23":0,"24":0,"25":0,"26":0,"27":0,"28":0,"29":0,"30":0,"31":0,"32":0,"33":0,"34":0,"35":0,"36":0,"37":0,"38":0,"39":0,"40":0},"f":{"0":0,"1":0,"2":0,"3":0,"4":0,"5":0,"6":0,"7":0,"8":0,"9":0,"10":0,"11":0,"12":0,"13":0,"14":0,"15":0,"16":0,"17":0},"b":{"0":[0],"1":[0],"2":[0,0],"3":[0,0]},"meta":{"lastBranch":4,"lastFunction":18,"lastStatement":41,"seen":{"s:2:37:2:Infinity":0,"s:3:20:3:Infinity":1,"f:5:2:5:15":0,"s:6:4:9:Infinity":2,"s:7:6:7:Infinity":3,"s:9:6:9:Infinity":4,"f:13:2:13:17":1,"s:14:4:14:Infinity":5,"f:17:2:17:23":2,"s:18:4:18:Infinity":6,"f:22:2:22:20":3,"s:23:4:23:Infinity":7,"f:27:2:27:18":4,"s:28:4:28:Infinity":8,"s:29:4:29:Infinity":9,"f:29:4:29:21":5,"s:29:21:29:52":10,"f:33:2:33:19":6,"s:34:4:34:Infinity":11,"s:35:4:35:Infinity":12,"f:35:4:35:21":7,"s:35:21:35:52":13,"f:39:2:39:19":8,"s:40:4:40:Infinity":14,"f:44:2:44:19":9,"s:45:4:45:Infinity":15,"s:46:4:46:Infinity":16,"f:46:4:46:21":10,"s:46:21:46:52":17,"s:47:4:47:Infinity":18,"f:47:4:47:21":11,"s:47:21:47:53":19,"f:51:2:51:18":12,"s:52:4:52:Infinity":20,"s:53:4:53:Infinity":21,"f:53:4:53:21":13,"s:53:21:53:62":22,"f:57:2:57:21":14,"s:58:4:58:Infinity":23,"s:59:4:59:Infinity":24,"f:59:4:59:21":15,"s:59:21:59:57":25,"s:60:4:60:Infinity":26,"f:60:4:60:21":16,"s:60:21:60:56":27,"f:63:2:63:10":17,"b:66:27:66:Infinity":0,"b:67:21:67:Infinity":1,"b:69:4:69:Infinity:undefined:undefined:undefined:undefined":2,"s:69:4:69:Infinity":28,"b:69:8:69:25:69:25:69:36":3,"s:69:36:69:Infinity":29,"s:71:16:71:43":30,"s:72:17:72:38":31,"s:73:4:73:Infinity":32,"s:74:4:74:Infinity":33,"s:76:4:76:Infinity":34,"s:77:4:77:Infinity":35,"s:78:4:78:Infinity":36,"s:79:4:79:Infinity":37,"s:81:4:81:Infinity":38,"s:82:4:82:Infinity":39,"s:87:28:87:46":40}}}
,"/Users/xiangfang/Developer/projects/Stock_Trading_Life_Simulation/src/managers/GameManager.ts": {"path":"/Users/xiangfang/Developer/projects/Stock_Trading_Life_Simulation/src/managers/GameManager.ts","statementMap":{"0":{"start":{"line":16,"column":4},"end":{"line":16,"column":null}},"1":{"start":{"line":17,"column":10},"end":{"line":17,"column":42}},"2":{"start":{"line":18,"column":4},"end":{"line":18,"column":null}},"3":{"start":{"line":19,"column":4},"end":{"line":19,"column":null}},"4":{"start":{"line":20,"column":4},"end":{"line":20,"column":null}},"5":{"start":{"line":21,"column":4},"end":{"line":21,"column":null}},"6":{"start":{"line":25,"column":10},"end":{"line":25,"column":64}},"7":{"start":{"line":26,"column":14},"end":{"line":26,"column":35}},"8":{"start":{"line":27,"column":4},"end":{"line":29,"column":null}},"9":{"start":{"line":34,"column":10},"end":{"line":34,"column":64}},"10":{"start":{"line":35,"column":4},"end":{"line":35,"column":null}},"11":{"start":{"line":40,"column":10},"end":{"line":40,"column":42}},"12":{"start":{"line":41,"column":4},"end":{"line":41,"column":null}},"13":{"start":{"line":42,"column":4},"end":{"line":42,"column":null}},"14":{"start":{"line":43,"column":4},"end":{"line":43,"column":null}},"15":{"start":{"line":44,"column":4},"end":{"line":44,"column":null}},"16":{"start":{"line":49,"column":2},"end":{"line":49,"column":null}}},"fnMap":{"0":{"name":"(anonymous_0)","decl":{"start":{"line":15,"column":2},"end":{"line":15,"column":14}},"loc":{"start":{"line":15,"column":78},"end":{"line":21,"column":null}},"line":15},"1":{"name":"(anonymous_1)","decl":{"start":{"line":24,"column":2},"end":{"line":24,"column":30}},"loc":{"start":{"line":24,"column":30},"end":{"line":29,"column":null}},"line":24},"2":{"name":"(anonymous_2)","decl":{"start":{"line":33,"column":2},"end":{"line":33,"column":30}},"loc":{"start":{"line":33,"column":30},"end":{"line":35,"column":null}},"line":33},"3":{"name":"(anonymous_3)","decl":{"start":{"line":39,"column":2},"end":{"line":39,"column":8}},"loc":{"start":{"line":39,"column":35},"end":{"line":44,"column":null}},"line":39},"4":{"name":"getGameManager","decl":{"start":{"line":48,"column":16},"end":{"line":48,"column":31}},"loc":{"start":{"line":48,"column":65},"end":{"line":49,"column":null}},"line":48}},"branchMap":{"0":{"loc":{"start":{"line":15,"column":42},"end":{"line":15,"column":78}},"type":"default-arg","locations":[{"start":{"line":15,"column":64},"end":{"line":15,"column":78}}],"line":15},"1":{"loc":{"start":{"line":27,"column":11},"end":{"line":29,"column":null}},"type":"cond-expr","locations":[{"start":{"line":28,"column":8},"end":{"line":28,"column":null}},{"start":{"line":29,"column":8},"end":{"line":29,"column":null}}],"line":27},"2":{"loc":{"start":{"line":35,"column":11},"end":{"line":35,"column":null}},"type":"binary-expr","locations":[{"start":{"line":35,"column":11},"end":{"line":35,"column":34}},{"start":{"line":35,"column":34},"end":{"line":35,"column":null}}],"line":35}},"s":{"0":9,"1":9,"2":9,"3":9,"4":9,"5":9,"6":3,"7":3,"8":3,"9":2,"10":2,"11":1,"12":1,"13":1,"14":1,"15":1,"16":0},"f":{"0":9,"1":3,"2":2,"3":1,"4":0},"b":{"0":[9],"1":[1,2],"2":[2,1]},"meta":{"lastBranch":3,"lastFunction":5,"lastStatement":17,"seen":{"f:15:2:15:14":0,"b:15:64:15:78":0,"s:16:4:16:Infinity":0,"s:17:10:17:42":1,"s:18:4:18:Infinity":2,"s:19:4:19:Infinity":3,"s:20:4:20:Infinity":4,"s:21:4:21:Infinity":5,"f:24:2:24:30":1,"s:25:10:25:64":6,"s:26:14:26:35":7,"s:27:4:29:Infinity":8,"b:28:8:28:Infinity:29:8:29:Infinity":1,"f:33:2:33:30":2,"s:34:10:34:64":9,"s:35:4:35:Infinity":10,"b:35:11:35:34:35:34:35:Infinity":2,"f:39:2:39:8":3,"s:40:10:40:42":11,"s:41:4:41:Infinity":12,"s:42:4:42:Infinity":13,"s:43:4:43:Infinity":14,"s:44:4:44:Infinity":15,"f:48:16:48:31":4,"s:49:2:49:Infinity":16}}}
,"/Users/xiangfang/Developer/projects/Stock_Trading_Life_Simulation/src/managers/GameStateManager.ts": {"path":"/Users/xiangfang/Developer/projects/Stock_Trading_Life_Simulation/src/managers/GameStateManager.ts","statementMap":{"0":{"start":{"line":8,"column":4},"end":{"line":21,"column":null}},"1":{"start":{"line":25,"column":4},"end":{"line":25,"column":null}},"2":{"start":{"line":30,"column":4},"end":{"line":30,"column":null}},"3":{"start":{"line":36,"column":4},"end":{"line":36,"column":null}},"4":{"start":{"line":40,"column":4},"end":{"line":40,"column":null}},"5":{"start":{"line":47,"column":23},"end":{"line":47,"column":null}},"6":{"start":{"line":48,"column":22},"end":{"line":48,"column":null}},"7":{"start":{"line":49,"column":4},"end":{"line":49,"column":null}},"8":{"start":{"line":49,"column":37},"end":{"line":49,"column":null}},"9":{"start":{"line":51,"column":4},"end":{"line":51,"column":null}},"10":{"start":{"line":52,"column":19},"end":{"line":52,"column":null}},"11":{"start":{"line":54,"column":21},"end":{"line":54,"column":73}},"12":{"start":{"line":54,"column":51},"end":{"line":54,"column":73}},"13":{"start":{"line":55,"column":4},"end":{"line":63,"column":null}},"14":{"start":{"line":56,"column":6},"end":{"line":56,"column":null}},"15":{"start":{"line":57,"column":6},"end":{"line":57,"column":null}},"16":{"start":{"line":59,"column":6},"end":{"line":63,"column":null}},"17":{"start":{"line":65,"column":4},"end":{"line":65,"column":null}},"18":{"start":{"line":70,"column":20},"end":{"line":70,"column":72}},"19":{"start":{"line":70,"column":50},"end":{"line":70,"column":72}},"20":{"start":{"line":71,"column":4},"end":{"line":71,"column":null}},"21":{"start":{"line":71,"column":18},"end":{"line":71,"column":null}},"22":{"start":{"line":73,"column":25},"end":{"line":73,"column":null}},"23":{"start":{"line":74,"column":4},"end":{"line":74,"column":null}},"24":{"start":{"line":74,"column":39},"end":{"line":74,"column":null}},"25":{"start":{"line":76,"column":23},"end":{"line":76,"column":null}},"26":{"start":{"line":77,"column":22},"end":{"line":77,"column":null}},"27":{"start":{"line":78,"column":4},"end":{"line":78,"column":null}},"28":{"start":{"line":81,"column":25},"end":{"line":81,"column":null}},"29":{"start":{"line":82,"column":4},"end":{"line":82,"column":null}},"30":{"start":{"line":83,"column":4},"end":{"line":83,"column":null}},"31":{"start":{"line":86,"column":4},"end":{"line":87,"column":null}},"32":{"start":{"line":87,"column":6},"end":{"line":87,"column":null}},"33":{"start":{"line":87,"column":60},"end":{"line":87,"column":82}},"34":{"start":{"line":90,"column":4},"end":{"line":90,"column":null}},"35":{"start":{"line":96,"column":4},"end":{"line":96,"column":null}},"36":{"start":{"line":100,"column":36},"end":{"line":107,"column":null}},"37":{"start":{"line":108,"column":4},"end":{"line":108,"column":null}},"38":{"start":{"line":109,"column":4},"end":{"line":109,"column":null}},"39":{"start":{"line":113,"column":4},"end":{"line":113,"column":null}},"40":{"start":{"line":119,"column":4},"end":{"line":119,"column":null}},"41":{"start":{"line":120,"column":4},"end":{"line":120,"column":null}},"42":{"start":{"line":126,"column":4},"end":{"line":126,"column":null}},"43":{"start":{"line":132,"column":4},"end":{"line":132,"column":null}},"44":{"start":{"line":136,"column":4},"end":{"line":137,"column":null}},"45":{"start":{"line":137,"column":6},"end":{"line":137,"column":null}}},"fnMap":{"0":{"name":"(anonymous_0)","decl":{"start":{"line":7,"column":2},"end":{"line":7,"column":14}},"loc":{"start":{"line":7,"column":76},"end":{"line":21,"column":null}},"line":7},"1":{"name":"(anonymous_1)","decl":{"start":{"line":24,"column":2},"end":{"line":24,"column":24}},"loc":{"start":{"line":24,"column":24},"end":{"line":25,"column":null}},"line":24},"2":{"name":"(anonymous_2)","decl":{"start":{"line":29,"column":2},"end":{"line":29,"column":12}},"loc":{"start":{"line":29,"column":36},"end":{"line":30,"column":null}},"line":29},"3":{"name":"(anonymous_3)","decl":{"start":{"line":35,"column":2},"end":{"line":35,"column":10}},"loc":{"start":{"line":35,"column":32},"end":{"line":36,"column":null}},"line":35},"4":{"name":"(anonymous_4)","decl":{"start":{"line":39,"column":2},"end":{"line":39,"column":13}},"loc":{"start":{"line":39,"column":35},"end":{"line":40,"column":null}},"line":39},"5":{"name":"(anonymous_5)","decl":{"start":{"line":46,"column":2},"end":{"line":46,"column":11}},"loc":{"start":{"line":46,"column":92},"end":{"line":65,"column":null}},"line":46},"6":{"name":"(anonymous_6)","decl":{"start":{"line":54,"column":41},"end":{"line":54,"column":46}},"loc":{"start":{"line":54,"column":51},"end":{"line":54,"column":73}},"line":54},"7":{"name":"(anonymous_7)","decl":{"start":{"line":69,"column":2},"end":{"line":69,"column":12}},"loc":{"start":{"line":69,"column":93},"end":{"line":90,"column":null}},"line":69},"8":{"name":"(anonymous_8)","decl":{"start":{"line":70,"column":40},"end":{"line":70,"column":45}},"loc":{"start":{"line":70,"column":50},"end":{"line":70,"column":72}},"line":70},"9":{"name":"(anonymous_9)","decl":{"start":{"line":87,"column":48},"end":{"line":87,"column":55}},"loc":{"start":{"line":87,"column":60},"end":{"line":87,"column":82}},"line":87},"10":{"name":"(anonymous_10)","decl":{"start":{"line":95,"column":2},"end":{"line":95,"column":11}},"loc":{"start":{"line":95,"column":44},"end":{"line":96,"column":null}},"line":95},"11":{"name":"(anonymous_11)","decl":{"start":{"line":99,"column":2},"end":{"line":99,"column":13}},"loc":{"start":{"line":99,"column":57},"end":{"line":109,"column":null}},"line":99},"12":{"name":"(anonymous_12)","decl":{"start":{"line":112,"column":2},"end":{"line":112,"column":23}},"loc":{"start":{"line":112,"column":23},"end":{"line":113,"column":null}},"line":112},"13":{"name":"(anonymous_13)","decl":{"start":{"line":118,"column":2},"end":{"line":118,"column":10}},"loc":{"start":{"line":118,"column":56},"end":{"line":120,"column":null}},"line":118},"14":{"name":"(anonymous_14)","decl":{"start":{"line":125,"column":2},"end":{"line":125,"column":10}},"loc":{"start":{"line":125,"column":32},"end":{"line":126,"column":null}},"line":125},"15":{"name":"(anonymous_15)","decl":{"start":{"line":131,"column":2},"end":{"line":131,"column":24}},"loc":{"start":{"line":131,"column":44},"end":{"line":132,"column":null}},"line":131},"16":{"name":"(anonymous_16)","decl":{"start":{"line":135,"column":2},"end":{"line":135,"column":33}},"loc":{"start":{"line":135,"column":33},"end":{"line":137,"column":null}},"line":135}},"branchMap":{"0":{"loc":{"start":{"line":49,"column":4},"end":{"line":49,"column":null}},"type":"if","locations":[{"start":{"line":49,"column":4},"end":{"line":49,"column":null}},{"start":{},"end":{}}],"line":49},"1":{"loc":{"start":{"line":55,"column":4},"end":{"line":63,"column":null}},"type":"if","locations":[{"start":{"line":55,"column":4},"end":{"line":63,"column":null}},{"start":{"line":58,"column":11},"end":{"line":63,"column":null}}],"line":55},"2":{"loc":{"start":{"line":71,"column":4},"end":{"line":71,"column":null}},"type":"if","locations":[{"start":{"line":71,"column":4},"end":{"line":71,"column":null}},{"start":{},"end":{}}],"line":71},"3":{"loc":{"start":{"line":74,"column":4},"end":{"line":74,"column":null}},"type":"if","locations":[{"start":{"line":74,"column":4},"end":{"line":74,"column":null}},{"start":{},"end":{}}],"line":74},"4":{"loc":{"start":{"line":86,"column":4},"end":{"line":87,"column":null}},"type":"if","locations":[{"start":{"line":86,"column":4},"end":{"line":87,"column":null}},{"start":{},"end":{}}],"line":86},"5":{"loc":{"start":{"line":136,"column":4},"end":{"line":137,"column":null}},"type":"if","locations":[{"start":{"line":136,"column":4},"end":{"line":137,"column":null}},{"start":{},"end":{}}],"line":136}},"s":{"0":29,"1":65,"2":0,"3":8,"4":15,"5":8,"6":8,"7":8,"8":1,"9":7,"10":7,"11":7,"12":1,"13":7,"14":1,"15":1,"16":6,"17":7,"18":3,"19":3,"20":3,"21":0,"22":3,"23":3,"24":1,"25":2,"26":2,"27":2,"28":2,"29":2,"30":2,"31":2,"32":1,"33":1,"34":2,"35":1,"36":9,"37":9,"38":9,"39":9,"40":3,"41":3,"42":0,"43":0,"44":0,"45":0},"f":{"0":29,"1":65,"2":0,"3":8,"4":15,"5":8,"6":1,"7":3,"8":3,"9":1,"10":1,"11":9,"12":9,"13":3,"14":0,"15":0,"16":0},"b":{"0":[1,7],"1":[1,6],"2":[0,3],"3":[1,2],"4":[1,1],"5":[0,0]},"meta":{"lastBranch":6,"lastFunction":17,"lastStatement":46,"seen":{"f:7:2:7:14":0,"s:8:4:21:Infinity":0,"f:24:2:24:24":1,"s:25:4:25:Infinity":1,"f:29:2:29:12":2,"s:30:4:30:Infinity":2,"f:35:2:35:10":3,"s:36:4:36:Infinity":3,"f:39:2:39:13":4,"s:40:4:40:Infinity":4,"f:46:2:46:11":5,"s:47:23:47:Infinity":5,"s:48:22:48:Infinity":6,"b:49:4:49:Infinity:undefined:undefined:undefined:undefined":0,"s:49:4:49:Infinity":7,"s:49:37:49:Infinity":8,"s:51:4:51:Infinity":9,"s:52:19:52:Infinity":10,"s:54:21:54:73":11,"f:54:41:54:46":6,"s:54:51:54:73":12,"b:55:4:63:Infinity:58:11:63:Infinity":1,"s:55:4:63:Infinity":13,"s:56:6:56:Infinity":14,"s:57:6:57:Infinity":15,"s:59:6:63:Infinity":16,"s:65:4:65:Infinity":17,"f:69:2:69:12":7,"s:70:20:70:72":18,"f:70:40:70:45":8,"s:70:50:70:72":19,"b:71:4:71:Infinity:undefined:undefined:undefined:undefined":2,"s:71:4:71:Infinity":20,"s:71:18:71:Infinity":21,"s:73:25:73:Infinity":22,"b:74:4:74:Infinity:undefined:undefined:undefined:undefined":3,"s:74:4:74:Infinity":23,"s:74:39:74:Infinity":24,"s:76:23:76:Infinity":25,"s:77:22:77:Infinity":26,"s:78:4:78:Infinity":27,"s:81:25:81:Infinity":28,"s:82:4:82:Infinity":29,"s:83:4:83:Infinity":30,"b:86:4:87:Infinity:undefined:undefined:undefined:undefined":4,"s:86:4:87:Infinity":31,"s:87:6:87:Infinity":32,"f:87:48:87:55":9,"s:87:60:87:82":33,"s:90:4:90:Infinity":34,"f:95:2:95:11":10,"s:96:4:96:Infinity":35,"f:99:2:99:13":11,"s:100:36:107:Infinity":36,"s:108:4:108:Infinity":37,"s:109:4:109:Infinity":38,"f:112:2:112:23":12,"s:113:4:113:Infinity":39,"f:118:2:118:10":13,"s:119:4:119:Infinity":40,"s:120:4:120:Infinity":41,"f:125:2:125:10":14,"s:126:4:126:Infinity":42,"f:131:2:131:24":15,"s:132:4:132:Infinity":43,"f:135:2:135:33":16,"b:136:4:137:Infinity:undefined:undefined:undefined:undefined":5,"s:136:4:137:Infinity":44,"s:137:6:137:Infinity":45}}}
,"/Users/xiangfang/Developer/projects/Stock_Trading_Life_Simulation/src/managers/InfoManager.ts": {"path":"/Users/xiangfang/Developer/projects/Stock_Trading_Life_Simulation/src/managers/InfoManager.ts","statementMap":{"0":{"start":{"line":4,"column":33},"end":{"line":4,"column":null}},"1":{"start":{"line":8,"column":4},"end":{"line":8,"column":null}},"2":{"start":{"line":13,"column":4},"end":{"line":13,"column":null}},"3":{"start":{"line":13,"column":36},"end":{"line":13,"column":null}},"4":{"start":{"line":14,"column":20},"end":{"line":14,"column":null}},"5":{"start":{"line":15,"column":20},"end":{"line":15,"column":59}},"6":{"start":{"line":16,"column":4},"end":{"line":16,"column":null}},"7":{"start":{"line":20,"column":4},"end":{"line":20,"column":null}},"8":{"start":{"line":25,"column":20},"end":{"line":26,"column":null}},"9":{"start":{"line":26,"column":32},"end":{"line":26,"column":54}},"10":{"start":{"line":26,"column":64},"end":{"line":26,"column":73}},"11":{"start":{"line":28,"column":4},"end":{"line":28,"column":null}},"12":{"start":{"line":32,"column":4},"end":{"line":32,"column":null}},"13":{"start":{"line":32,"column":37},"end":{"line":32,"column":59}},"14":{"start":{"line":36,"column":4},"end":{"line":36,"column":null}},"15":{"start":{"line":40,"column":22},"end":{"line":46,"column":null}},"16":{"start":{"line":47,"column":4},"end":{"line":47,"column":null}}},"fnMap":{"0":{"name":"(anonymous_0)","decl":{"start":{"line":7,"column":2},"end":{"line":7,"column":14}},"loc":{"start":{"line":7,"column":34},"end":{"line":8,"column":null}},"line":7},"1":{"name":"(anonymous_1)","decl":{"start":{"line":12,"column":2},"end":{"line":12,"column":15}},"loc":{"start":{"line":12,"column":79},"end":{"line":16,"column":null}},"line":12},"2":{"name":"(anonymous_2)","decl":{"start":{"line":19,"column":2},"end":{"line":19,"column":10}},"loc":{"start":{"line":19,"column":32},"end":{"line":20,"column":null}},"line":19},"3":{"name":"(anonymous_3)","decl":{"start":{"line":24,"column":2},"end":{"line":24,"column":13}},"loc":{"start":{"line":24,"column":39},"end":{"line":28,"column":null}},"line":24},"4":{"name":"(anonymous_4)","decl":{"start":{"line":26,"column":20},"end":{"line":26,"column":27}},"loc":{"start":{"line":26,"column":32},"end":{"line":26,"column":54}},"line":26},"5":{"name":"(anonymous_5)","decl":{"start":{"line":26,"column":55},"end":{"line":26,"column":59}},"loc":{"start":{"line":26,"column":64},"end":{"line":26,"column":73}},"line":26},"6":{"name":"(anonymous_6)","decl":{"start":{"line":31,"column":2},"end":{"line":31,"column":18}},"loc":{"start":{"line":31,"column":47},"end":{"line":32,"column":null}},"line":31},"7":{"name":"(anonymous_7)","decl":{"start":{"line":32,"column":25},"end":{"line":32,"column":32}},"loc":{"start":{"line":32,"column":37},"end":{"line":32,"column":59}},"line":32},"8":{"name":"(anonymous_8)","decl":{"start":{"line":35,"column":2},"end":{"line":35,"column":27}},"loc":{"start":{"line":35,"column":27},"end":{"line":36,"column":null}},"line":35},"9":{"name":"(anonymous_9)","decl":{"start":{"line":39,"column":2},"end":{"line":39,"column":10}},"loc":{"start":{"line":39,"column":71},"end":{"line":47,"column":null}},"line":39}},"branchMap":{"0":{"loc":{"start":{"line":13,"column":4},"end":{"line":13,"column":null}},"type":"if","locations":[{"start":{"line":13,"column":4},"end":{"line":13,"column":null}},{"start":{},"end":{}}],"line":13}},"s":{"0":16,"1":16,"2":2,"3":1,"4":1,"5":1,"6":1,"7":6,"8":2,"9":3,"10":3,"11":2,"12":2,"13":2,"14":1,"15":1,"16":1},"f":{"0":16,"1":2,"2":6,"3":2,"4":3,"5":3,"6":2,"7":2,"8":1,"9":1},"b":{"0":[1,1]},"meta":{"lastBranch":1,"lastFunction":10,"lastStatement":17,"seen":{"f:7:2:7:14":0,"s:4:33:4:Infinity":0,"s:8:4:8:Infinity":1,"f:12:2:12:15":1,"b:13:4:13:Infinity:undefined:undefined:undefined:undefined":0,"s:13:4:13:Infinity":2,"s:13:36:13:Infinity":3,"s:14:20:14:Infinity":4,"s:15:20:15:59":5,"s:16:4:16:Infinity":6,"f:19:2:19:10":2,"s:20:4:20:Infinity":7,"f:24:2:24:13":3,"s:25:20:26:Infinity":8,"f:26:20:26:27":4,"s:26:32:26:54":9,"f:26:55:26:59":5,"s:26:64:26:73":10,"s:28:4:28:Infinity":11,"f:31:2:31:18":6,"s:32:4:32:Infinity":12,"f:32:25:32:32":7,"s:32:37:32:59":13,"f:35:2:35:27":8,"s:36:4:36:Infinity":14,"f:39:2:39:10":9,"s:40:22:46:Infinity":15,"s:47:4:47:Infinity":16}}}
,"/Users/xiangfang/Developer/projects/Stock_Trading_Life_Simulation/src/managers/LifeEventManager.ts": {"path":"/Users/xiangfang/Developer/projects/Stock_Trading_Life_Simulation/src/managers/LifeEventManager.ts","statementMap":{"0":{"start":{"line":8,"column":4},"end":{"line":8,"column":null}},"1":{"start":{"line":14,"column":18},"end":{"line":14,"column":52}},"2":{"start":{"line":15,"column":4},"end":{"line":15,"column":null}},"3":{"start":{"line":15,"column":21},"end":{"line":15,"column":null}},"4":{"start":{"line":18,"column":17},"end":{"line":21,"column":null}},"5":{"start":{"line":19,"column":6},"end":{"line":19,"column":null}},"6":{"start":{"line":19,"column":50},"end":{"line":19,"column":null}},"7":{"start":{"line":20,"column":6},"end":{"line":20,"column":null}},"8":{"start":{"line":23,"column":4},"end":{"line":23,"column":null}},"9":{"start":{"line":23,"column":27},"end":{"line":23,"column":null}},"10":{"start":{"line":26,"column":21},"end":{"line":26,"column":62}},"11":{"start":{"line":26,"column":42},"end":{"line":26,"column":62}},"12":{"start":{"line":27,"column":4},"end":{"line":27,"column":null}},"13":{"start":{"line":32,"column":4},"end":{"line":32,"column":null}},"14":{"start":{"line":32,"column":40},"end":{"line":32,"column":null}},"15":{"start":{"line":33,"column":4},"end":{"line":34,"column":null}},"16":{"start":{"line":34,"column":6},"end":{"line":34,"column":null}},"17":{"start":{"line":36,"column":4},"end":{"line":37,"column":null}},"18":{"start":{"line":37,"column":6},"end":{"line":37,"column":null}},"19":{"start":{"line":39,"column":4},"end":{"line":39,"column":null}},"20":{"start":{"line":44,"column":4},"end":{"line":44,"column":null}},"21":{"start":{"line":44,"column":24},"end":{"line":44,"column":null}},"22":{"start":{"line":45,"column":4},"end":{"line":46,"column":null}},"23":{"start":{"line":46,"column":6},"end":{"line":46,"column":null}},"24":{"start":{"line":48,"column":4},"end":{"line":48,"column":null}},"25":{"start":{"line":52,"column":14},"end":{"line":52,"column":31}},"26":{"start":{"line":53,"column":12},"end":{"line":53,"column":null}},"27":{"start":{"line":54,"column":12},"end":{"line":54,"column":null}},"28":{"start":{"line":55,"column":4},"end":{"line":58,"column":null}},"29":{"start":{"line":56,"column":6},"end":{"line":56,"column":null}},"30":{"start":{"line":57,"column":6},"end":{"line":57,"column":null}},"31":{"start":{"line":59,"column":4},"end":{"line":59,"column":null}}},"fnMap":{"0":{"name":"(anonymous_0)","decl":{"start":{"line":7,"column":2},"end":{"line":7,"column":14}},"loc":{"start":{"line":7,"column":38},"end":{"line":8,"column":null}},"line":7},"1":{"name":"(anonymous_1)","decl":{"start":{"line":12,"column":2},"end":{"line":12,"column":18}},"loc":{"start":{"line":12,"column":51},"end":{"line":27,"column":null}},"line":12},"2":{"name":"(anonymous_2)","decl":{"start":{"line":18,"column":29},"end":{"line":18,"column":36}},"loc":{"start":{"line":18,"column":41},"end":{"line":21,"column":null}},"line":18},"3":{"name":"(anonymous_3)","decl":{"start":{"line":26,"column":31},"end":{"line":26,"column":42}},"loc":{"start":{"line":26,"column":42},"end":{"line":26,"column":62}},"line":26},"4":{"name":"(anonymous_4)","decl":{"start":{"line":31,"column":9},"end":{"line":31,"column":23}},"loc":{"start":{"line":31,"column":89},"end":{"line":39,"column":null}},"line":31},"5":{"name":"(anonymous_5)","decl":{"start":{"line":43,"column":9},"end":{"line":43,"column":30}},"loc":{"start":{"line":43,"column":77},"end":{"line":48,"column":null}},"line":43},"6":{"name":"(anonymous_6)","decl":{"start":{"line":51,"column":2},"end":{"line":51,"column":10}},"loc":{"start":{"line":51,"column":48},"end":{"line":59,"column":null}},"line":51}},"branchMap":{"0":{"loc":{"start":{"line":15,"column":4},"end":{"line":15,"column":null}},"type":"if","locations":[{"start":{"line":15,"column":4},"end":{"line":15,"column":null}},{"start":{},"end":{}}],"line":15},"1":{"loc":{"start":{"line":19,"column":6},"end":{"line":19,"column":null}},"type":"if","locations":[{"start":{"line":19,"column":6},"end":{"line":19,"column":null}},{"start":{},"end":{}}],"line":19},"2":{"loc":{"start":{"line":19,"column":10},"end":{"line":19,"column":50}},"type":"binary-expr","locations":[{"start":{"line":19,"column":10},"end":{"line":19,"column":38}},{"start":{"line":19,"column":38},"end":{"line":19,"column":50}}],"line":19},"3":{"loc":{"start":{"line":23,"column":4},"end":{"line":23,"column":null}},"type":"if","locations":[{"start":{"line":23,"column":4},"end":{"line":23,"column":null}},{"start":{},"end":{}}],"line":23},"4":{"loc":{"start":{"line":32,"column":4},"end":{"line":32,"column":null}},"type":"if","locations":[{"start":{"line":32,"column":4},"end":{"line":32,"column":null}},{"start":{},"end":{}}],"line":32},"5":{"loc":{"start":{"line":33,"column":4},"end":{"line":34,"column":null}},"type":"if","locations":[{"start":{"line":33,"column":4},"end":{"line":34,"column":null}},{"start":{},"end":{}}],"line":33},"6":{"loc":{"start":{"line":34,"column":39},"end":{"line":34,"column":63}},"type":"binary-expr","locations":[{"start":{"line":34,"column":39},"end":{"line":34,"column":60}},{"start":{"line":34,"column":60},"end":{"line":34,"column":63}}],"line":34},"7":{"loc":{"start":{"line":36,"column":4},"end":{"line":37,"column":null}},"type":"if","locations":[{"start":{"line":36,"column":4},"end":{"line":37,"column":null}},{"start":{},"end":{}}],"line":36},"8":{"loc":{"start":{"line":37,"column":47},"end":{"line":37,"column":71}},"type":"binary-expr","locations":[{"start":{"line":37,"column":47},"end":{"line":37,"column":68}},{"start":{"line":37,"column":68},"end":{"line":37,"column":71}}],"line":37},"9":{"loc":{"start":{"line":44,"column":4},"end":{"line":44,"column":null}},"type":"if","locations":[{"start":{"line":44,"column":4},"end":{"line":44,"column":null}},{"start":{},"end":{}}],"line":44},"10":{"loc":{"start":{"line":45,"column":4},"end":{"line":46,"column":null}},"type":"if","locations":[{"start":{"line":45,"column":4},"end":{"line":46,"column":null}},{"start":{},"end":{}}],"line":45},"11":{"loc":{"start":{"line":46,"column":39},"end":{"line":46,"column":71}},"type":"binary-expr","locations":[{"start":{"line":46,"column":39},"end":{"line":46,"column":68}},{"start":{"line":46,"column":68},"end":{"line":46,"column":71}}],"line":46},"12":{"loc":{"start":{"line":48,"column":11},"end":{"line":48,"column":null}},"type":"cond-expr","locations":[{"start":{"line":48,"column":52},"end":{"line":48,"column":73}},{"start":{"line":48,"column":73},"end":{"line":48,"column":null}}],"line":48}},"s":{"0":4,"1":152,"2":152,"3":40,"4":112,"5":560,"6":62,"7":498,"8":112,"9":0,"10":112,"11":619,"12":112,"13":3,"14":1,"15":2,"16":1,"17":1,"18":1,"19":0,"20":1,"21":0,"22":1,"23":1,"24":0,"25":152,"26":152,"27":152,"28":152,"29":467,"30":467,"31":152},"f":{"0":4,"1":152,"2":560,"3":619,"4":1,"5":1,"6":152},"b":{"0":[40,112],"1":[62,498],"2":[560,112],"3":[0,112],"4":[1,2],"5":[1,1],"6":[1,0],"7":[1,0],"8":[1,0],"9":[0,1],"10":[1,0],"11":[1,0],"12":[0,0]},"meta":{"lastBranch":13,"lastFunction":7,"lastStatement":32,"seen":{"f:7:2:7:14":0,"s:8:4:8:Infinity":0,"f:12:2:12:18":1,"s:14:18:14:52":1,"b:15:4:15:Infinity:undefined:undefined:undefined:undefined":0,"s:15:4:15:Infinity":2,"s:15:21:15:Infinity":3,"s:18:17:21:Infinity":4,"f:18:29:18:36":2,"b:19:6:19:Infinity:undefined:undefined:undefined:undefined":1,"s:19:6:19:Infinity":5,"b:19:10:19:38:19:38:19:50":2,"s:19:50:19:Infinity":6,"s:20:6:20:Infinity":7,"b:23:4:23:Infinity:undefined:undefined:undefined:undefined":3,"s:23:4:23:Infinity":8,"s:23:27:23:Infinity":9,"s:26:21:26:62":10,"f:26:31:26:42":3,"s:26:42:26:62":11,"s:27:4:27:Infinity":12,"f:31:9:31:23":4,"b:32:4:32:Infinity:undefined:undefined:undefined:undefined":4,"s:32:4:32:Infinity":13,"s:32:40:32:Infinity":14,"b:33:4:34:Infinity:undefined:undefined:undefined:undefined":5,"s:33:4:34:Infinity":15,"s:34:6:34:Infinity":16,"b:34:39:34:60:34:60:34:63":6,"b:36:4:37:Infinity:undefined:undefined:undefined:undefined":7,"s:36:4:37:Infinity":17,"s:37:6:37:Infinity":18,"b:37:47:37:68:37:68:37:71":8,"s:39:4:39:Infinity":19,"f:43:9:43:30":5,"b:44:4:44:Infinity:undefined:undefined:undefined:undefined":9,"s:44:4:44:Infinity":20,"s:44:24:44:Infinity":21,"b:45:4:46:Infinity:undefined:undefined:undefined:undefined":10,"s:45:4:46:Infinity":22,"s:46:6:46:Infinity":23,"b:46:39:46:68:46:68:46:71":11,"s:48:4:48:Infinity":24,"b:48:52:48:73:48:73:48:Infinity":12,"f:51:2:51:10":6,"s:52:14:52:31":25,"s:53:12:53:Infinity":26,"s:54:12:54:Infinity":27,"s:55:4:58:Infinity":28,"s:56:6:56:Infinity":29,"s:57:6:57:Infinity":30,"s:59:4:59:Infinity":31}}}
,"/Users/xiangfang/Developer/projects/Stock_Trading_Life_Simulation/src/managers/PriceTickEngine.ts": {"path":"/Users/xiangfang/Developer/projects/Stock_Trading_Life_Simulation/src/managers/PriceTickEngine.ts","statementMap":{"0":{"start":{"line":3,"column":25},"end":{"line":3,"column":null}},"1":{"start":{"line":5,"column":87},"end":{"line":5,"column":null}},"2":{"start":{"line":6,"column":44},"end":{"line":6,"column":null}},"3":{"start":{"line":7,"column":43},"end":{"line":7,"column":null}},"4":{"start":{"line":10,"column":4},"end":{"line":10,"column":null}},"5":{"start":{"line":11,"column":20},"end":{"line":11,"column":66}},"6":{"start":{"line":11,"column":57},"end":{"line":11,"column":66}},"7":{"start":{"line":12,"column":4},"end":{"line":12,"column":null}},"8":{"start":{"line":16,"column":4},"end":{"line":16,"column":null}},"9":{"start":{"line":20,"column":4},"end":{"line":20,"column":null}},"10":{"start":{"line":24,"column":4},"end":{"line":24,"column":null}},"11":{"start":{"line":25,"column":4},"end":{"line":30,"column":null}},"12":{"start":{"line":26,"column":18},"end":{"line":26,"column":65}},"13":{"start":{"line":27,"column":20},"end":{"line":27,"column":null}},"14":{"start":{"line":28,"column":6},"end":{"line":28,"column":null}},"15":{"start":{"line":29,"column":6},"end":{"line":30,"column":null}},"16":{"start":{"line":30,"column":8},"end":{"line":30,"column":null}},"17":{"start":{"line":33,"column":4},"end":{"line":34,"column":null}},"18":{"start":{"line":34,"column":6},"end":{"line":34,"column":null}},"19":{"start":{"line":39,"column":4},"end":{"line":39,"column":null}},"20":{"start":{"line":43,"column":4},"end":{"line":43,"column":null}},"21":{"start":{"line":47,"column":4},"end":{"line":47,"column":null}},"22":{"start":{"line":51,"column":4},"end":{"line":51,"column":null}},"23":{"start":{"line":52,"column":4},"end":{"line":52,"column":null}}},"fnMap":{"0":{"name":"(anonymous_0)","decl":{"start":{"line":9,"column":2},"end":{"line":9,"column":14}},"loc":{"start":{"line":9,"column":54},"end":{"line":12,"column":null}},"line":9},"1":{"name":"(anonymous_1)","decl":{"start":{"line":11,"column":48},"end":{"line":11,"column":52}},"loc":{"start":{"line":11,"column":57},"end":{"line":11,"column":66}},"line":11},"2":{"name":"(anonymous_2)","decl":{"start":{"line":15,"column":2},"end":{"line":15,"column":9}},"loc":{"start":{"line":15,"column":80},"end":{"line":16,"column":null}},"line":15},"3":{"name":"(anonymous_3)","decl":{"start":{"line":19,"column":2},"end":{"line":19,"column":11}},"loc":{"start":{"line":19,"column":33},"end":{"line":20,"column":null}},"line":19},"4":{"name":"(anonymous_4)","decl":{"start":{"line":23,"column":2},"end":{"line":23,"column":15}},"loc":{"start":{"line":23,"column":15},"end":{"line":34,"column":null}},"line":23},"5":{"name":"(anonymous_5)","decl":{"start":{"line":38,"column":2},"end":{"line":38,"column":24}},"loc":{"start":{"line":38,"column":24},"end":{"line":39,"column":null}},"line":38},"6":{"name":"(anonymous_6)","decl":{"start":{"line":42,"column":2},"end":{"line":42,"column":45}},"loc":{"start":{"line":42,"column":45},"end":{"line":43,"column":null}},"line":42},"7":{"name":"(anonymous_7)","decl":{"start":{"line":46,"column":2},"end":{"line":46,"column":28}},"loc":{"start":{"line":46,"column":28},"end":{"line":47,"column":null}},"line":46},"8":{"name":"(anonymous_8)","decl":{"start":{"line":50,"column":2},"end":{"line":50,"column":16}},"loc":{"start":{"line":50,"column":16},"end":{"line":52,"column":null}},"line":50}},"branchMap":{"0":{"loc":{"start":{"line":33,"column":4},"end":{"line":34,"column":null}},"type":"if","locations":[{"start":{"line":33,"column":4},"end":{"line":34,"column":null}},{"start":{},"end":{}}],"line":33},"1":{"loc":{"start":{"line":33,"column":8},"end":{"line":33,"column":46}},"type":"binary-expr","locations":[{"start":{"line":33,"column":8},"end":{"line":33,"column":25}},{"start":{"line":33,"column":29},"end":{"line":33,"column":46}}],"line":33}},"s":{"0":6,"1":6,"2":6,"3":6,"4":6,"5":6,"6":8,"7":6,"8":1,"9":1,"10":10,"11":10,"12":13,"13":13,"14":13,"15":13,"16":4,"17":10,"18":1,"19":14,"20":2,"21":1,"22":1,"23":1},"f":{"0":6,"1":8,"2":1,"3":1,"4":10,"5":14,"6":2,"7":1,"8":1},"b":{"0":[1,9],"1":[10,3]},"meta":{"lastBranch":2,"lastFunction":9,"lastStatement":24,"seen":{"f:9:2:9:14":0,"s:3:25:3:Infinity":0,"s:5:87:5:Infinity":1,"s:6:44:6:Infinity":2,"s:7:43:7:Infinity":3,"s:10:4:10:Infinity":4,"s:11:20:11:66":5,"f:11:48:11:52":1,"s:11:57:11:66":6,"s:12:4:12:Infinity":7,"f:15:2:15:9":2,"s:16:4:16:Infinity":8,"f:19:2:19:11":3,"s:20:4:20:Infinity":9,"f:23:2:23:15":4,"s:24:4:24:Infinity":10,"s:25:4:30:Infinity":11,"s:26:18:26:65":12,"s:27:20:27:Infinity":13,"s:28:6:28:Infinity":14,"s:29:6:30:Infinity":15,"s:30:8:30:Infinity":16,"b:33:4:34:Infinity:undefined:undefined:undefined:undefined":0,"s:33:4:34:Infinity":17,"b:33:8:33:25:33:29:33:46":1,"s:34:6:34:Infinity":18,"f:38:2:38:24":5,"s:39:4:39:Infinity":19,"f:42:2:42:45":6,"s:43:4:43:Infinity":20,"f:46:2:46:28":7,"s:47:4:47:Infinity":21,"f:50:2:50:16":8,"s:51:4:51:Infinity":22,"s:52:4:52:Infinity":23}}}
,"/Users/xiangfang/Developer/projects/Stock_Trading_Life_Simulation/src/managers/SaveManager.ts": {"path":"/Users/xiangfang/Developer/projects/Stock_Trading_Life_Simulation/src/managers/SaveManager.ts","statementMap":{"0":{"start":{"line":3,"column":17},"end":{"line":3,"column":null}},"1":{"start":{"line":7,"column":4},"end":{"line":10,"column":null}},"2":{"start":{"line":8,"column":6},"end":{"line":8,"column":null}},"3":{"start":{"line":10,"column":6},"end":{"line":10,"column":null}},"4":{"start":{"line":15,"column":4},"end":{"line":20,"column":null}},"5":{"start":{"line":16,"column":18},"end":{"line":16,"column":48}},"6":{"start":{"line":17,"column":6},"end":{"line":17,"column":null}},"7":{"start":{"line":17,"column":16},"end":{"line":17,"column":null}},"8":{"start":{"line":18,"column":6},"end":{"line":18,"column":null}},"9":{"start":{"line":20,"column":6},"end":{"line":20,"column":null}},"10":{"start":{"line":25,"column":4},"end":{"line":28,"column":null}},"11":{"start":{"line":26,"column":6},"end":{"line":26,"column":null}},"12":{"start":{"line":28,"column":6},"end":{"line":28,"column":null}},"13":{"start":{"line":33,"column":4},"end":{"line":36,"column":null}},"14":{"start":{"line":34,"column":6},"end":{"line":34,"column":null}},"15":{"start":{"line":36,"column":6},"end":{"line":36,"column":null}}},"fnMap":{"0":{"name":"(anonymous_0)","decl":{"start":{"line":6,"column":9},"end":{"line":6,"column":14}},"loc":{"start":{"line":6,"column":38},"end":{"line":10,"column":null}},"line":6},"1":{"name":"(anonymous_1)","decl":{"start":{"line":14,"column":9},"end":{"line":14,"column":34}},"loc":{"start":{"line":14,"column":34},"end":{"line":20,"column":null}},"line":14},"2":{"name":"(anonymous_2)","decl":{"start":{"line":24,"column":9},"end":{"line":24,"column":28}},"loc":{"start":{"line":24,"column":28},"end":{"line":28,"column":null}},"line":24},"3":{"name":"(anonymous_3)","decl":{"start":{"line":32,"column":9},"end":{"line":32,"column":28}},"loc":{"start":{"line":32,"column":28},"end":{"line":36,"column":null}},"line":32}},"branchMap":{"0":{"loc":{"start":{"line":17,"column":6},"end":{"line":17,"column":null}},"type":"if","locations":[{"start":{"line":17,"column":6},"end":{"line":17,"column":null}},{"start":{},"end":{}}],"line":17}},"s":{"0":1,"1":3,"2":3,"3":0,"4":3,"5":3,"6":3,"7":2,"8":1,"9":0,"10":2,"11":2,"12":0,"13":1,"14":1,"15":0},"f":{"0":1,"1":1,"2":1,"3":1},"b":{"0":[2,1]},"meta":{"lastBranch":1,"lastFunction":4,"lastStatement":16,"seen":{"s:3:17:3:Infinity":0,"f:6:9:6:14":0,"s:7:4:10:Infinity":1,"s:8:6:8:Infinity":2,"s:10:6:10:Infinity":3,"f:14:9:14:34":1,"s:15:4:20:Infinity":4,"s:16:18:16:48":5,"b:17:6:17:Infinity:undefined:undefined:undefined:undefined":0,"s:17:6:17:Infinity":6,"s:17:16:17:Infinity":7,"s:18:6:18:Infinity":8,"s:20:6:20:Infinity":9,"f:24:9:24:28":2,"s:25:4:28:Infinity":10,"s:26:6:26:Infinity":11,"s:28:6:28:Infinity":12,"f:32:9:32:28":3,"s:33:4:36:Infinity":13,"s:34:6:34:Infinity":14,"s:36:6:36:Infinity":15}}}
,"/Users/xiangfang/Developer/projects/Stock_Trading_Life_Simulation/src/managers/SettlementManager.ts": {"path":"/Users/xiangfang/Developer/projects/Stock_Trading_Life_Simulation/src/managers/SettlementManager.ts","statementMap":{"0":{"start":{"line":31,"column":24},"end":{"line":31,"column":38}},"1":{"start":{"line":32,"column":23},"end":{"line":32,"column":null}},"2":{"start":{"line":35,"column":26},"end":{"line":35,"column":null}},"3":{"start":{"line":36,"column":4},"end":{"line":37,"column":null}},"4":{"start":{"line":37,"column":6},"end":{"line":37,"column":null}},"5":{"start":{"line":41,"column":4},"end":{"line":41,"column":null}},"6":{"start":{"line":43,"column":4},"end":{"line":43,"column":null}},"7":{"start":{"line":45,"column":4},"end":{"line":45,"column":null}},"8":{"start":{"line":47,"column":23},"end":{"line":47,"column":null}},"9":{"start":{"line":48,"column":4},"end":{"line":48,"column":null}},"10":{"start":{"line":48,"column":24},"end":{"line":48,"column":null}},"11":{"start":{"line":51,"column":23},"end":{"line":51,"column":37}},"12":{"start":{"line":52,"column":24},"end":{"line":52,"column":null}},"13":{"start":{"line":53,"column":4},"end":{"line":55,"column":null}},"14":{"start":{"line":54,"column":20},"end":{"line":54,"column":null}},"15":{"start":{"line":55,"column":6},"end":{"line":55,"column":null}},"16":{"start":{"line":57,"column":4},"end":{"line":57,"column":null}},"17":{"start":{"line":58,"column":24},"end":{"line":58,"column":null}},"18":{"start":{"line":61,"column":24},"end":{"line":63,"column":null}},"19":{"start":{"line":64,"column":10},"end":{"line":64,"column":43}},"20":{"start":{"line":67,"column":23},"end":{"line":67,"column":null}},"21":{"start":{"line":68,"column":18},"end":{"line":68,"column":null}},"22":{"start":{"line":69,"column":22},"end":{"line":69,"column":37}},"23":{"start":{"line":70,"column":22},"end":{"line":70,"column":null}},"24":{"start":{"line":73,"column":4},"end":{"line":73,"column":null}},"25":{"start":{"line":75,"column":22},"end":{"line":75,"column":null}},"26":{"start":{"line":76,"column":21},"end":{"line":76,"column":null}},"27":{"start":{"line":77,"column":4},"end":{"line":77,"column":null}},"28":{"start":{"line":78,"column":4},"end":{"line":78,"column":null}},"29":{"start":{"line":81,"column":4},"end":{"line":83,"column":null}},"30":{"start":{"line":81,"column":20},"end":{"line":81,"column":null}},"31":{"start":{"line":82,"column":9},"end":{"line":83,"column":null}},"32":{"start":{"line":82,"column":20},"end":{"line":82,"column":null}},"33":{"start":{"line":83,"column":9},"end":{"line":83,"column":null}},"34":{"start":{"line":83,"column":24},"end":{"line":83,"column":null}},"35":{"start":{"line":85,"column":4},"end":{"line":99,"column":null}}},"fnMap":{"0":{"name":"(anonymous_0)","decl":{"start":{"line":30,"column":9},"end":{"line":30,"column":16}},"loc":{"start":{"line":30,"column":83},"end":{"line":99,"column":null}},"line":30}},"branchMap":{"0":{"loc":{"start":{"line":36,"column":4},"end":{"line":37,"column":null}},"type":"if","locations":[{"start":{"line":36,"column":4},"end":{"line":37,"column":null}},{"start":{},"end":{}}],"line":36},"1":{"loc":{"start":{"line":47,"column":23},"end":{"line":47,"column":null}},"type":"binary-expr","locations":[{"start":{"line":47,"column":23},"end":{"line":47,"column":44}},{"start":{"line":47,"column":44},"end":{"line":47,"column":null}}],"line":47},"2":{"loc":{"start":{"line":48,"column":4},"end":{"line":48,"column":null}},"type":"if","locations":[{"start":{"line":48,"column":4},"end":{"line":48,"column":null}},{"start":{},"end":{}}],"line":48},"3":{"loc":{"start":{"line":54,"column":20},"end":{"line":54,"column":null}},"type":"binary-expr","locations":[{"start":{"line":54,"column":20},"end":{"line":54,"column":55}},{"start":{"line":54,"column":55},"end":{"line":54,"column":null}}],"line":54},"4":{"loc":{"start":{"line":61,"column":24},"end":{"line":63,"column":null}},"type":"cond-expr","locations":[{"start":{"line":61,"column":42},"end":{"line":62,"column":null}},{"start":{"line":63,"column":8},"end":{"line":63,"column":null}}],"line":61},"5":{"loc":{"start":{"line":70,"column":22},"end":{"line":70,"column":null}},"type":"binary-expr","locations":[{"start":{"line":70,"column":22},"end":{"line":70,"column":35}},{"start":{"line":70,"column":35},"end":{"line":70,"column":50}},{"start":{"line":70,"column":50},"end":{"line":70,"column":null}}],"line":70},"6":{"loc":{"start":{"line":81,"column":4},"end":{"line":83,"column":null}},"type":"if","locations":[{"start":{"line":81,"column":4},"end":{"line":83,"column":null}},{"start":{"line":82,"column":9},"end":{"line":83,"column":null}}],"line":81},"7":{"loc":{"start":{"line":82,"column":9},"end":{"line":83,"column":null}},"type":"if","locations":[{"start":{"line":82,"column":9},"end":{"line":83,"column":null}},{"start":{"line":83,"column":9},"end":{"line":83,"column":null}}],"line":82},"8":{"loc":{"start":{"line":83,"column":9},"end":{"line":83,"column":null}},"type":"if","locations":[{"start":{"line":83,"column":9},"end":{"line":83,"column":null}},{"start":{},"end":{}}],"line":83}},"s":{"0":7,"1":7,"2":7,"3":7,"4":0,"5":7,"6":7,"7":7,"8":7,"9":7,"10":0,"11":7,"12":7,"13":7,"14":1,"15":1,"16":7,"17":7,"18":7,"19":7,"20":7,"21":7,"22":7,"23":7,"24":7,"25":7,"26":7,"27":7,"28":7,"29":7,"30":1,"31":6,"32":0,"33":6,"34":1,"35":7},"f":{"0":1},"b":{"0":[0,7],"1":[7,7],"2":[0,7],"3":[1,0],"4":[7,0],"5":[7,1,1],"6":[1,6],"7":[0,6],"8":[1,5]},"meta":{"lastBranch":9,"lastFunction":1,"lastStatement":36,"seen":{"f:30:9:30:16":0,"s:31:24:31:38":0,"s:32:23:32:Infinity":1,"s:35:26:35:Infinity":2,"b:36:4:37:Infinity:undefined:undefined:undefined:undefined":0,"s:36:4:37:Infinity":3,"s:37:6:37:Infinity":4,"s:41:4:41:Infinity":5,"s:43:4:43:Infinity":6,"s:45:4:45:Infinity":7,"s:47:23:47:Infinity":8,"b:47:23:47:44:47:44:47:Infinity":1,"b:48:4:48:Infinity:undefined:undefined:undefined:undefined":2,"s:48:4:48:Infinity":9,"s:48:24:48:Infinity":10,"s:51:23:51:37":11,"s:52:24:52:Infinity":12,"s:53:4:55:Infinity":13,"s:54:20:54:Infinity":14,"b:54:20:54:55:54:55:54:Infinity":3,"s:55:6:55:Infinity":15,"s:57:4:57:Infinity":16,"s:58:24:58:Infinity":17,"s:61:24:63:Infinity":18,"b:61:42:62:Infinity:63:8:63:Infinity":4,"s:64:10:64:43":19,"s:67:23:67:Infinity":20,"s:68:18:68:Infinity":21,"s:69:22:69:37":22,"s:70:22:70:Infinity":23,"b:70:22:70:35:70:35:70:50:70:50:70:Infinity":5,"s:73:4:73:Infinity":24,"s:75:22:75:Infinity":25,"s:76:21:76:Infinity":26,"s:77:4:77:Infinity":27,"s:78:4:78:Infinity":28,"b:81:4:83:Infinity:82:9:83:Infinity":6,"s:81:4:83:Infinity":29,"s:81:20:81:Infinity":30,"b:82:9:83:Infinity:83:9:83:Infinity":7,"s:82:9:83:Infinity":31,"s:82:20:82:Infinity":32,"b:83:9:83:Infinity:undefined:undefined:undefined:undefined":8,"s:83:9:83:Infinity":33,"s:83:24:83:Infinity":34,"s:85:4:99:Infinity":35}}}
,"/Users/xiangfang/Developer/projects/Stock_Trading_Life_Simulation/src/managers/StockManager.ts": {"path":"/Users/xiangfang/Developer/projects/Stock_Trading_Life_Simulation/src/managers/StockManager.ts","statementMap":{"0":{"start":{"line":10,"column":43},"end":{"line":10,"column":null}},"1":{"start":{"line":14,"column":4},"end":{"line":14,"column":null}},"2":{"start":{"line":15,"column":4},"end":{"line":16,"column":null}},"3":{"start":{"line":16,"column":6},"end":{"line":16,"column":null}},"4":{"start":{"line":22,"column":4},"end":{"line":22,"column":null}},"5":{"start":{"line":27,"column":4},"end":{"line":27,"column":null}},"6":{"start":{"line":32,"column":4},"end":{"line":32,"column":null}},"7":{"start":{"line":37,"column":18},"end":{"line":37,"column":42}},"8":{"start":{"line":38,"column":4},"end":{"line":38,"column":null}},"9":{"start":{"line":38,"column":16},"end":{"line":38,"column":null}},"10":{"start":{"line":39,"column":4},"end":{"line":40,"column":null}},"11":{"start":{"line":40,"column":6},"end":{"line":40,"column":null}},"12":{"start":{"line":42,"column":4},"end":{"line":42,"column":null}},"13":{"start":{"line":47,"column":4},"end":{"line":47,"column":null}},"14":{"start":{"line":52,"column":18},"end":{"line":52,"column":49}},"15":{"start":{"line":53,"column":4},"end":{"line":54,"column":null}},"16":{"start":{"line":54,"column":6},"end":{"line":54,"column":null}},"17":{"start":{"line":56,"column":4},"end":{"line":56,"column":null}},"18":{"start":{"line":61,"column":4},"end":{"line":61,"column":null}},"19":{"start":{"line":61,"column":56},"end":{"line":61,"column":72}},"20":{"start":{"line":66,"column":18},"end":{"line":66,"column":42}},"21":{"start":{"line":67,"column":4},"end":{"line":67,"column":null}}},"fnMap":{"0":{"name":"(anonymous_0)","decl":{"start":{"line":13,"column":2},"end":{"line":13,"column":14}},"loc":{"start":{"line":13,"column":36},"end":{"line":16,"column":null}},"line":13},"1":{"name":"(anonymous_1)","decl":{"start":{"line":21,"column":2},"end":{"line":21,"column":26}},"loc":{"start":{"line":21,"column":26},"end":{"line":22,"column":null}},"line":21},"2":{"name":"(anonymous_2)","decl":{"start":{"line":26,"column":2},"end":{"line":26,"column":11}},"loc":{"start":{"line":26,"column":46},"end":{"line":27,"column":null}},"line":26},"3":{"name":"(anonymous_3)","decl":{"start":{"line":31,"column":2},"end":{"line":31,"column":25}},"loc":{"start":{"line":31,"column":25},"end":{"line":32,"column":null}},"line":31},"4":{"name":"(anonymous_4)","decl":{"start":{"line":36,"column":2},"end":{"line":36,"column":15}},"loc":{"start":{"line":36,"column":61},"end":{"line":42,"column":null}},"line":36},"5":{"name":"(anonymous_5)","decl":{"start":{"line":46,"column":2},"end":{"line":46,"column":16}},"loc":{"start":{"line":46,"column":54},"end":{"line":47,"column":null}},"line":46},"6":{"name":"(anonymous_6)","decl":{"start":{"line":51,"column":2},"end":{"line":51,"column":15}},"loc":{"start":{"line":51,"column":72},"end":{"line":56,"column":null}},"line":51},"7":{"name":"(anonymous_7)","decl":{"start":{"line":60,"column":2},"end":{"line":60,"column":38}},"loc":{"start":{"line":60,"column":38},"end":{"line":61,"column":null}},"line":60},"8":{"name":"(anonymous_8)","decl":{"start":{"line":61,"column":44},"end":{"line":61,"column":51}},"loc":{"start":{"line":61,"column":56},"end":{"line":61,"column":72}},"line":61},"9":{"name":"(anonymous_9)","decl":{"start":{"line":65,"column":2},"end":{"line":65,"column":16}},"loc":{"start":{"line":65,"column":42},"end":{"line":67,"column":null}},"line":65}},"branchMap":{"0":{"loc":{"start":{"line":38,"column":4},"end":{"line":38,"column":null}},"type":"if","locations":[{"start":{"line":38,"column":4},"end":{"line":38,"column":null}},{"start":{},"end":{}}],"line":38},"1":{"loc":{"start":{"line":39,"column":4},"end":{"line":40,"column":null}},"type":"if","locations":[{"start":{"line":39,"column":4},"end":{"line":40,"column":null}},{"start":{},"end":{}}],"line":39},"2":{"loc":{"start":{"line":39,"column":8},"end":{"line":39,"column":50}},"type":"binary-expr","locations":[{"start":{"line":39,"column":8},"end":{"line":39,"column":19}},{"start":{"line":39,"column":19},"end":{"line":39,"column":50}}],"line":39},"3":{"loc":{"start":{"line":53,"column":4},"end":{"line":54,"column":null}},"type":"if","locations":[{"start":{"line":53,"column":4},"end":{"line":54,"column":null}},{"start":{},"end":{}}],"line":53},"4":{"loc":{"start":{"line":53,"column":8},"end":{"line":53,"column":58}},"type":"binary-expr","locations":[{"start":{"line":53,"column":8},"end":{"line":53,"column":25}},{"start":{"line":53,"column":25},"end":{"line":53,"column":58}}],"line":53},"5":{"loc":{"start":{"line":67,"column":11},"end":{"line":67,"column":null}},"type":"cond-expr","locations":[{"start":{"line":67,"column":19},"end":{"line":67,"column":41}},{"start":{"line":67,"column":41},"end":{"line":67,"column":null}}],"line":67}},"s":{"0":17,"1":17,"2":17,"3":34,"4":13,"5":0,"6":1,"7":5,"8":5,"9":1,"10":4,"11":1,"12":3,"13":1,"14":1,"15":1,"16":0,"17":1,"18":1,"19":2,"20":0,"21":0},"f":{"0":17,"1":13,"2":0,"3":1,"4":5,"5":1,"6":1,"7":1,"8":2,"9":0},"b":{"0":[1,4],"1":[1,3],"2":[4,4],"3":[0,1],"4":[1,1],"5":[0,0]},"meta":{"lastBranch":6,"lastFunction":10,"lastStatement":22,"seen":{"f:13:2:13:14":0,"s:10:43:10:Infinity":0,"s:14:4:14:Infinity":1,"s:15:4:16:Infinity":2,"s:16:6:16:Infinity":3,"f:21:2:21:26":1,"s:22:4:22:Infinity":4,"f:26:2:26:11":2,"s:27:4:27:Infinity":5,"f:31:2:31:25":3,"s:32:4:32:Infinity":6,"f:36:2:36:15":4,"s:37:18:37:42":7,"b:38:4:38:Infinity:undefined:undefined:undefined:undefined":0,"s:38:4:38:Infinity":8,"s:38:16:38:Infinity":9,"b:39:4:40:Infinity:undefined:undefined:undefined:undefined":1,"s:39:4:40:Infinity":10,"b:39:8:39:19:39:19:39:50":2,"s:40:6:40:Infinity":11,"s:42:4:42:Infinity":12,"f:46:2:46:16":5,"s:47:4:47:Infinity":13,"f:51:2:51:15":6,"s:52:18:52:49":14,"b:53:4:54:Infinity:undefined:undefined:undefined:undefined":3,"s:53:4:54:Infinity":15,"b:53:8:53:25:53:25:53:58":4,"s:54:6:54:Infinity":16,"s:56:4:56:Infinity":17,"f:60:2:60:38":7,"s:61:4:61:Infinity":18,"f:61:44:61:51":8,"s:61:56:61:72":19,"f:65:2:65:16":9,"s:66:18:66:42":20,"s:67:4:67:Infinity":21,"b:67:19:67:41:67:41:67:Infinity":5}}}
,"/Users/xiangfang/Developer/projects/Stock_Trading_Life_Simulation/src/managers/TradeLogger.ts": {"path":"/Users/xiangfang/Developer/projects/Stock_Trading_Life_Simulation/src/managers/TradeLogger.ts","statementMap":{"0":{"start":{"line":15,"column":35},"end":{"line":15,"column":null}},"1":{"start":{"line":18,"column":4},"end":{"line":18,"column":null}},"2":{"start":{"line":22,"column":4},"end":{"line":22,"column":null}},"3":{"start":{"line":26,"column":4},"end":{"line":26,"column":null}},"4":{"start":{"line":26,"column":36},"end":{"line":26,"column":58}},"5":{"start":{"line":30,"column":4},"end":{"line":30,"column":null}},"6":{"start":{"line":30,"column":36},"end":{"line":30,"column":50}},"7":{"start":{"line":35,"column":4},"end":{"line":35,"column":null}},"8":{"start":{"line":40,"column":4},"end":{"line":40,"column":null}},"9":{"start":{"line":45,"column":4},"end":{"line":45,"column":null}},"10":{"start":{"line":45,"column":36},"end":{"line":45,"column":79}},"11":{"start":{"line":50,"column":4},"end":{"line":50,"column":null}},"12":{"start":{"line":50,"column":36},"end":{"line":50,"column":82}},"13":{"start":{"line":55,"column":4},"end":{"line":55,"column":null}},"14":{"start":{"line":55,"column":36},"end":{"line":55,"column":74}},"15":{"start":{"line":59,"column":4},"end":{"line":59,"column":null}},"16":{"start":{"line":59,"column":36},"end":{"line":59,"column":74}}},"fnMap":{"0":{"name":"(anonymous_0)","decl":{"start":{"line":17,"column":2},"end":{"line":17,"column":6}},"loc":{"start":{"line":17,"column":33},"end":{"line":18,"column":null}},"line":17},"1":{"name":"(anonymous_1)","decl":{"start":{"line":21,"column":2},"end":{"line":21,"column":26}},"loc":{"start":{"line":21,"column":26},"end":{"line":22,"column":null}},"line":21},"2":{"name":"(anonymous_2)","decl":{"start":{"line":25,"column":2},"end":{"line":25,"column":13}},"loc":{"start":{"line":25,"column":45},"end":{"line":26,"column":null}},"line":25},"3":{"name":"(anonymous_3)","decl":{"start":{"line":26,"column":24},"end":{"line":26,"column":31}},"loc":{"start":{"line":26,"column":36},"end":{"line":26,"column":58}},"line":26},"4":{"name":"(anonymous_4)","decl":{"start":{"line":29,"column":2},"end":{"line":29,"column":11}},"loc":{"start":{"line":29,"column":39},"end":{"line":30,"column":null}},"line":29},"5":{"name":"(anonymous_5)","decl":{"start":{"line":30,"column":24},"end":{"line":30,"column":31}},"loc":{"start":{"line":30,"column":36},"end":{"line":30,"column":50}},"line":30},"6":{"name":"(anonymous_6)","decl":{"start":{"line":34,"column":2},"end":{"line":34,"column":24}},"loc":{"start":{"line":34,"column":24},"end":{"line":35,"column":null}},"line":34},"7":{"name":"(anonymous_7)","decl":{"start":{"line":39,"column":2},"end":{"line":39,"column":18}},"loc":{"start":{"line":39,"column":45},"end":{"line":40,"column":null}},"line":39},"8":{"name":"(anonymous_8)","decl":{"start":{"line":44,"column":2},"end":{"line":44,"column":26}},"loc":{"start":{"line":44,"column":26},"end":{"line":45,"column":null}},"line":44},"9":{"name":"(anonymous_9)","decl":{"start":{"line":45,"column":24},"end":{"line":45,"column":31}},"loc":{"start":{"line":45,"column":36},"end":{"line":45,"column":79}},"line":45},"10":{"name":"(anonymous_10)","decl":{"start":{"line":49,"column":2},"end":{"line":49,"column":27}},"loc":{"start":{"line":49,"column":27},"end":{"line":50,"column":null}},"line":49},"11":{"name":"(anonymous_11)","decl":{"start":{"line":50,"column":24},"end":{"line":50,"column":31}},"loc":{"start":{"line":50,"column":36},"end":{"line":50,"column":82}},"line":50},"12":{"name":"(anonymous_12)","decl":{"start":{"line":54,"column":2},"end":{"line":54,"column":28}},"loc":{"start":{"line":54,"column":28},"end":{"line":55,"column":null}},"line":54},"13":{"name":"(anonymous_13)","decl":{"start":{"line":55,"column":24},"end":{"line":55,"column":31}},"loc":{"start":{"line":55,"column":36},"end":{"line":55,"column":74}},"line":55},"14":{"name":"(anonymous_14)","decl":{"start":{"line":58,"column":2},"end":{"line":58,"column":26}},"loc":{"start":{"line":58,"column":26},"end":{"line":59,"column":null}},"line":58},"15":{"name":"(anonymous_15)","decl":{"start":{"line":59,"column":24},"end":{"line":59,"column":31}},"loc":{"start":{"line":59,"column":36},"end":{"line":59,"column":74}},"line":59}},"branchMap":{"0":{"loc":{"start":{"line":40,"column":11},"end":{"line":40,"column":null}},"type":"cond-expr","locations":[{"start":{"line":40,"column":27},"end":{"line":40,"column":61}},{"start":{"line":40,"column":61},"end":{"line":40,"column":null}}],"line":40},"1":{"loc":{"start":{"line":45,"column":36},"end":{"line":45,"column":79}},"type":"binary-expr","locations":[{"start":{"line":45,"column":36},"end":{"line":45,"column":56}},{"start":{"line":45,"column":56},"end":{"line":45,"column":79}}],"line":45},"2":{"loc":{"start":{"line":50,"column":36},"end":{"line":50,"column":82}},"type":"binary-expr","locations":[{"start":{"line":50,"column":36},"end":{"line":50,"column":57}},{"start":{"line":50,"column":57},"end":{"line":50,"column":82}}],"line":50},"3":{"loc":{"start":{"line":55,"column":36},"end":{"line":55,"column":74}},"type":"binary-expr","locations":[{"start":{"line":55,"column":36},"end":{"line":55,"column":58}},{"start":{"line":55,"column":47},"end":{"line":55,"column":74}}],"line":55},"4":{"loc":{"start":{"line":55,"column":58},"end":{"line":55,"column":72}},"type":"binary-expr","locations":[{"start":{"line":55,"column":58},"end":{"line":55,"column":67}},{"start":{"line":55,"column":67},"end":{"line":55,"column":72}}],"line":55},"5":{"loc":{"start":{"line":59,"column":36},"end":{"line":59,"column":74}},"type":"binary-expr","locations":[{"start":{"line":59,"column":36},"end":{"line":59,"column":58}},{"start":{"line":59,"column":47},"end":{"line":59,"column":74}}],"line":59},"6":{"loc":{"start":{"line":59,"column":58},"end":{"line":59,"column":72}},"type":"binary-expr","locations":[{"start":{"line":59,"column":58},"end":{"line":59,"column":67}},{"start":{"line":59,"column":67},"end":{"line":59,"column":72}}],"line":59}},"s":{"0":19,"1":25,"2":3,"3":2,"4":6,"5":2,"6":6,"7":4,"8":2,"9":1,"10":3,"11":1,"12":3,"13":1,"14":4,"15":1,"16":4},"f":{"0":25,"1":3,"2":2,"3":6,"4":2,"5":6,"6":4,"7":2,"8":1,"9":3,"10":1,"11":3,"12":1,"13":4,"14":1,"15":4},"b":{"0":[1,1],"1":[3,2],"2":[3,2],"3":[4,4],"4":[4,2],"5":[4,4],"6":[4,2]},"meta":{"lastBranch":7,"lastFunction":16,"lastStatement":17,"seen":{"s:15:35:15:Infinity":0,"f:17:2:17:6":0,"s:18:4:18:Infinity":1,"f:21:2:21:26":1,"s:22:4:22:Infinity":2,"f:25:2:25:13":2,"s:26:4:26:Infinity":3,"f:26:24:26:31":3,"s:26:36:26:58":4,"f:29:2:29:11":4,"s:30:4:30:Infinity":5,"f:30:24:30:31":5,"s:30:36:30:50":6,"f:34:2:34:24":6,"s:35:4:35:Infinity":7,"f:39:2:39:18":7,"s:40:4:40:Infinity":8,"b:40:27:40:61:40:61:40:Infinity":0,"f:44:2:44:26":8,"s:45:4:45:Infinity":9,"f:45:24:45:31":9,"s:45:36:45:79":10,"b:45:36:45:56:45:56:45:79":1,"f:49:2:49:27":10,"s:50:4:50:Infinity":11,"f:50:24:50:31":11,"s:50:36:50:82":12,"b:50:36:50:57:50:57:50:82":2,"f:54:2:54:28":12,"s:55:4:55:Infinity":13,"f:55:24:55:31":13,"s:55:36:55:74":14,"b:55:36:55:58:55:47:55:74":3,"b:55:58:55:67:55:67:55:72":4,"f:58:2:58:26":14,"s:59:4:59:Infinity":15,"f:59:24:59:31":15,"s:59:36:59:74":16,"b:59:36:59:58:59:47:59:74":5,"b:59:58:59:67:59:67:59:72":6}}}
,"/Users/xiangfang/Developer/projects/Stock_Trading_Life_Simulation/src/utils/biasDetector.ts": {"path":"/Users/xiangfang/Developer/projects/Stock_Trading_Life_Simulation/src/utils/biasDetector.ts","statementMap":{"0":{"start":{"line":22,"column":32},"end":{"line":22,"column":34}},"1":{"start":{"line":25,"column":21},"end":{"line":25,"column":null}},"2":{"start":{"line":25,"column":40},"end":{"line":25,"column":83}},"3":{"start":{"line":26,"column":20},"end":{"line":26,"column":null}},"4":{"start":{"line":26,"column":39},"end":{"line":26,"column":85}},"5":{"start":{"line":27,"column":22},"end":{"line":27,"column":null}},"6":{"start":{"line":28,"column":8},"end":{"line":28,"column":null}},"7":{"start":{"line":29,"column":2},"end":{"line":37,"column":null}},"8":{"start":{"line":30,"column":4},"end":{"line":37,"column":null}},"9":{"start":{"line":41,"column":20},"end":{"line":41,"column":58}},"10":{"start":{"line":42,"column":2},"end":{"line":50,"column":null}},"11":{"start":{"line":43,"column":4},"end":{"line":50,"column":null}},"12":{"start":{"line":54,"column":22},"end":{"line":54,"column":null}},"13":{"start":{"line":54,"column":41},"end":{"line":54,"column":79}},"14":{"start":{"line":55,"column":20},"end":{"line":55,"column":null}},"15":{"start":{"line":55,"column":39},"end":{"line":55,"column":77}},"16":{"start":{"line":56,"column":20},"end":{"line":56,"column":null}},"17":{"start":{"line":57,"column":2},"end":{"line":65,"column":null}},"18":{"start":{"line":58,"column":4},"end":{"line":65,"column":null}},"19":{"start":{"line":69,"column":2},"end":{"line":79,"column":null}},"20":{"start":{"line":70,"column":29},"end":{"line":70,"column":76}},"21":{"start":{"line":71,"column":4},"end":{"line":79,"column":null}},"22":{"start":{"line":72,"column":6},"end":{"line":79,"column":null}},"23":{"start":{"line":84,"column":26},"end":{"line":86,"column":null}},"24":{"start":{"line":85,"column":4},"end":{"line":85,"column":null}},"25":{"start":{"line":87,"column":28},"end":{"line":87,"column":null}},"26":{"start":{"line":88,"column":2},"end":{"line":96,"column":null}},"27":{"start":{"line":89,"column":4},"end":{"line":96,"column":null}},"28":{"start":{"line":100,"column":27},"end":{"line":101,"column":null}},"29":{"start":{"line":101,"column":9},"end":{"line":101,"column":null}},"30":{"start":{"line":103,"column":2},"end":{"line":117,"column":null}},"31":{"start":{"line":104,"column":22},"end":{"line":108,"column":null}},"32":{"start":{"line":106,"column":14},"end":{"line":106,"column":null}},"33":{"start":{"line":107,"column":8},"end":{"line":107,"column":null}},"34":{"start":{"line":110,"column":4},"end":{"line":117,"column":null}},"35":{"start":{"line":120,"column":2},"end":{"line":120,"column":null}}},"fnMap":{"0":{"name":"detectBiases","decl":{"start":{"line":14,"column":16},"end":{"line":14,"column":null}},"loc":{"start":{"line":21,"column":16},"end":{"line":120,"column":null}},"line":21},"1":{"name":"(anonymous_1)","decl":{"start":{"line":25,"column":28},"end":{"line":25,"column":35}},"loc":{"start":{"line":25,"column":40},"end":{"line":25,"column":83}},"line":25},"2":{"name":"(anonymous_2)","decl":{"start":{"line":26,"column":27},"end":{"line":26,"column":34}},"loc":{"start":{"line":26,"column":39},"end":{"line":26,"column":85}},"line":26},"3":{"name":"(anonymous_3)","decl":{"start":{"line":54,"column":29},"end":{"line":54,"column":36}},"loc":{"start":{"line":54,"column":41},"end":{"line":54,"column":79}},"line":54},"4":{"name":"(anonymous_4)","decl":{"start":{"line":55,"column":27},"end":{"line":55,"column":34}},"loc":{"start":{"line":55,"column":39},"end":{"line":55,"column":77}},"line":55},"5":{"name":"(anonymous_5)","decl":{"start":{"line":84,"column":39},"end":{"line":84,"column":null}},"loc":{"start":{"line":85,"column":4},"end":{"line":85,"column":null}},"line":85},"6":{"name":"(anonymous_6)","decl":{"start":{"line":100,"column":41},"end":{"line":100,"column":null}},"loc":{"start":{"line":101,"column":9},"end":{"line":101,"column":null}},"line":101},"7":{"name":"(anonymous_7)","decl":{"start":{"line":104,"column":39},"end":{"line":104,"column":null}},"loc":{"start":{"line":105,"column":20},"end":{"line":108,"column":null}},"line":105}},"branchMap":{"0":{"loc":{"start":{"line":19,"column":2},"end":{"line":19,"column":null}},"type":"default-arg","locations":[{"start":{"line":19,"column":31},"end":{"line":19,"column":null}}],"line":19},"1":{"loc":{"start":{"line":20,"column":2},"end":{"line":20,"column":84}},"type":"default-arg","locations":[{"start":{"line":20,"column":82},"end":{"line":20,"column":84}}],"line":20},"2":{"loc":{"start":{"line":25,"column":40},"end":{"line":25,"column":83}},"type":"binary-expr","locations":[{"start":{"line":25,"column":40},"end":{"line":25,"column":60}},{"start":{"line":25,"column":60},"end":{"line":25,"column":83}}],"line":25},"3":{"loc":{"start":{"line":26,"column":39},"end":{"line":26,"column":85}},"type":"binary-expr","locations":[{"start":{"line":26,"column":39},"end":{"line":26,"column":60}},{"start":{"line":26,"column":60},"end":{"line":26,"column":85}}],"line":26},"4":{"loc":{"start":{"line":27,"column":22},"e
[...]
,"/Users/xiangfang/Developer/projects/Stock_Trading_Life_Simulation/src/utils/moodCalculator.ts": {"path":"/Users/xiangfang/Developer/projects/Stock_Trading_Life_Simulation/src/utils/moodCalculator.ts","statementMap":{"0":{"start":{"line":4,"column":2},"end":{"line":4,"column":null}},"1":{"start":{"line":4,"column":31},"end":{"line":4,"column":null}},"2":{"start":{"line":5,"column":2},"end":{"line":5,"column":null}},"3":{"start":{"line":5,"column":32},"end":{"line":5,"column":null}},"4":{"start":{"line":6,"column":2},"end":{"line":6,"column":null}},"5":{"start":{"line":6,"column":30},"end":{"line":6,"column":null}},"6":{"start":{"line":7,"column":2},"end":{"line":7,"column":null}},"7":{"start":{"line":7,"column":31},"end":{"line":7,"column":null}},"8":{"start":{"line":8,"column":2},"end":{"line":8,"column":null}},"9":{"start":{"line":11,"column":46},"end":{"line":17,"column":null}},"10":{"start":{"line":19,"column":46},"end":{"line":25,"column":null}},"11":{"start":{"line":28,"column":2},"end":{"line":28,"column":null}},"12":{"start":{"line":32,"column":2},"end":{"line":32,"column":null}}},"fnMap":{"0":{"name":"calculateMood","decl":{"start":{"line":3,"column":16},"end":{"line":3,"column":30}},"loc":{"start":{"line":3,"column":66},"end":{"line":8,"column":null}},"line":3},"1":{"name":"getMoodEmoji","decl":{"start":{"line":27,"column":16},"end":{"line":27,"column":29}},"loc":{"start":{"line":27,"column":54},"end":{"line":28,"column":null}},"line":27},"2":{"name":"getMoodLabel","decl":{"start":{"line":31,"column":16},"end":{"line":31,"column":29}},"loc":{"start":{"line":31,"column":54},"end":{"line":32,"column":null}},"line":31}},"branchMap":{"0":{"loc":{"start":{"line":4,"column":2},"end":{"line":4,"column":null}},"type":"if","locations":[{"start":{"line":4,"column":2},"end":{"line":4,"column":null}},{"start":{},"end":{}}],"line":4},"1":{"loc":{"start":{"line":5,"column":2},"end":{"line":5,"column":null}},"type":"if","locations":[{"start":{"line":5,"column":2},"end":{"line":5,"column":null}},{"start":{},"end":{}}],"line":5},"2":{"loc":{"start":{"line":6,"column":2},"end":{"line":6,"column":null}},"type":"if","locations":[{"start":{"line":6,"column":2},"end":{"line":6,"column":null}},{"start":{},"end":{}}],"line":6},"3":{"loc":{"start":{"line":7,"column":2},"end":{"line":7,"column":null}},"type":"if","locations":[{"start":{"line":7,"column":2},"end":{"line":7,"column":null}},{"start":{},"end":{}}],"line":7}},"s":{"0":16,"1":3,"2":13,"3":13,"4":11,"5":11,"6":6,"7":6,"8":2,"9":2,"10":2,"11":5,"12":2},"f":{"0":16,"1":5,"2":2},"b":{"0":[3,13],"1":[2,11],"2":[5,6],"3":[4,2]},"meta":{"lastBranch":4,"lastFunction":3,"lastStatement":13,"seen":{"f:3:16:3:30":0,"b:4:2:4:Infinity:undefined:undefined:undefined:undefined":0,"s:4:2:4:Infinity":0,"s:4:31:4:Infinity":1,"b:5:2:5:Infinity:undefined:undefined:undefined:undefined":1,"s:5:2:5:Infinity":2,"s:5:32:5:Infinity":3,"b:6:2:6:Infinity:undefined:undefined:undefined:undefined":2,"s:6:2:6:Infinity":4,"s:6:30:6:Infinity":5,"b:7:2:7:Infinity:undefined:undefined:undefined:undefined":3,"s:7:2:7:Infinity":6,"s:7:31:7:Infinity":7,"s:8:2:8:Infinity":8,"s:11:46:17:Infinity":9,"s:19:46:25:Infinity":10,"f:27:16:27:29":1,"s:28:2:28:Infinity":11,"f:31:16:31:29":2,"s:32:2:32:Infinity":12}}}
,"/Users/xiangfang/Developer/projects/Stock_Trading_Life_Simulation/src/utils/posterGenerator.ts": {"path":"/Users/xiangfang/Developer/projects/Stock_Trading_Life_Simulation/src/utils/posterGenerator.ts","statementMap":{"0":{"start":{"line":17,"column":20},"end":{"line":17,"column":null}},"1":{"start":{"line":18,"column":18},"end":{"line":18,"column":null}},"2":{"start":{"line":19,"column":18},"end":{"line":19,"column":null}},"3":{"start":{"line":20,"column":20},"end":{"line":20,"column":48}},"4":{"start":{"line":23,"column":13},"end":{"line":23,"column":33}},"5":{"start":{"line":24,"column":2},"end":{"line":24,"column":null}},"6":{"start":{"line":25,"column":2},"end":{"line":25,"column":null}},"7":{"start":{"line":26,"column":2},"end":{"line":26,"column":null}},"8":{"start":{"line":27,"column":2},"end":{"line":27,"column":null}},"9":{"start":{"line":28,"column":2},"end":{"line":28,"column":null}},"10":{"start":{"line":31,"column":2},"end":{"line":33,"column":null}},"11":{"start":{"line":36,"column":2},"end":{"line":38,"column":null}},"12":{"start":{"line":40,"column":2},"end":{"line":42,"column":null}},"13":{"start":{"line":45,"column":22},"end":{"line":45,"column":null}},"14":{"start":{"line":46,"column":21},"end":{"line":46,"column":null}},"15":{"start":{"line":47,"column":2},"end":{"line":49,"column":null}},"16":{"start":{"line":51,"column":2},"end":{"line":53,"column":null}},"17":{"start":{"line":56,"column":22},"end":{"line":61,"column":null}},"18":{"start":{"line":62,"column":2},"end":{"line":66,"column":null}},"19":{"start":{"line":63,"column":4},"end":{"line":65,"column":null}},"20":{"start":{"line":69,"column":2},"end":{"line":72,"column":null}},"21":{"start":{"line":70,"column":4},"end":{"line":72,"column":null}},"22":{"start":{"line":76,"column":2},"end":{"line":78,"column":null}},"23":{"start":{"line":81,"column":2},"end":{"line":104,"column":null}},"24":{"start":{"line":82,"column":4},"end":{"line":103,"column":null}},"25":{"start":{"line":83,"column":18},"end":{"line":83,"column":null}},"26":{"start":{"line":85,"column":6},"end":{"line":100,"column":null}},"27":{"start":{"line":86,"column":23},"end":{"line":86,"column":55}},"28":{"start":{"line":87,"column":8},"end":{"line":87,"column":null}},"29":{"start":{"line":88,"column":8},"end":{"line":88,"column":null}},"30":{"start":{"line":89,"column":8},"end":{"line":89,"column":null}},"31":{"start":{"line":90,"column":8},"end":{"line":98,"column":null}},"32":{"start":{"line":91,"column":10},"end":{"line":91,"column":null}},"33":{"start":{"line":91,"column":21},"end":{"line":91,"column":null}},"34":{"start":{"line":92,"column":23},"end":{"line":92,"column":87}},"35":{"start":{"line":93,"column":10},"end":{"line":96,"column":null}},"36":{"start":{"line":94,"column":12},"end":{"line":94,"column":null}},"37":{"start":{"line":96,"column":12},"end":{"line":96,"column":null}},"38":{"start":{"line":100,"column":8},"end":{"line":100,"column":null}},"39":{"start":{"line":102,"column":6},"end":{"line":102,"column":null}},"40":{"start":{"line":108,"column":15},"end":{"line":108,"column":42}},"41":{"start":{"line":109,"column":2},"end":{"line":109,"column":null}},"42":{"start":{"line":110,"column":2},"end":{"line":110,"column":null}},"43":{"start":{"line":111,"column":2},"end":{"line":111,"column":null}}},"fnMap":{"0":{"name":"generatePoster","decl":{"start":{"line":16,"column":16},"end":{"line":16,"column":31}},"loc":{"start":{"line":16,"column":76},"end":{"line":104,"column":null}},"line":16},"1":{"name":"(anonymous_1)","decl":{"start":{"line":62,"column":14},"end":{"line":62,"column":23}},"loc":{"start":{"line":62,"column":32},"end":{"line":66,"column":null}},"line":62},"2":{"name":"(anonymous_2)","decl":{"start":{"line":81,"column":25},"end":{"line":81,"column":36}},"loc":{"start":{"line":81,"column":36},"end":{"line":104,"column":null}},"line":81},"3":{"name":"(anonymous_3)","decl":{"start":{"line":82,"column":24},"end":{"line":82,"column":34}},"loc":{"start":{"line":82,"column":85},"end":{"line":103,"column":null}},"line":82},"4":{"name":"(anonymous_4)","decl":{"start":{"line":90,"column":22},"end":{"line":90,"column":29}},"loc":{"start":{"line":90,"column":38},"end":{"line":98,"column":23}},"line":90},"5":{"name":"downloadImage","decl":{"start":{"line":107,"column":9},"end":{"line":107,"column":23}},"loc":{"start":{"line":107,"column":52},"end":{"line":111,"column":null}},"line":107}},"branchMap":{"0":{"loc":{"start":{"line":45,"column":22},"end":{"line":45,"column":null}},"type":"cond-expr","locations":[{"start":{"line":45,"column":46},"end":{"line":45,"column":58}},{"start":{"line":45,"column":58},"end":{"line":45,"column":null}}],"line":45},"1":{"loc":{"start":{"line":46,"column":21},"end":{"line":46,"column":null}},"type":"cond-expr","locations":[{"start":{"line":46,"column":45},"end":{"line":46,"column":51}},{"start":{"line":46,"column":51},"end":{"line":46,"column":null}}],"line":46},"2":{"loc":{"start":{"line":69,"column":2},"end":{"line":72,"column":null}},"type":"if","locations":[{"start":{"line":69,"column":2},"end":{"line":72,"column":null}},{"start":{},"end":{}}],"line":69},"3":{"loc":{"start":{"line":85,"column":6},"end":{"line":100,"column":null}},"type":"if","locations":[{"start":{"line":85,"column":6},"end":{"line":100,"column":null}},{"start":{"line":99,"column":13},"end":{"line":100,"column":null}}],"line":85},"4":{"loc":{"start":{"line":91,"column":10},"end":{"line":91,"column":null}},"type":"if","locations":[{"start":{"line":91,"column":10},"end":{"line":91,"column":null}},{"start":{},"end":{}}],"line":91}},"s":{"0":0,"1":0,"2":0,"3":0,"4":0,"5":0,"6":0,"7":0,"8":0,"9":0,"10":0,"11":0,"12":0,"13":0,"14":0,"15":0,"16":0,"17":0,"18":0,"19":0,"20":0,"21":0,"22":0,"23":0,"24":0,"25":0,"26":0,"27":0,"28":0,"29":0,"30":0,"31":0,"32":0,"33":0,"34":0,"35":0,"36":0,"37":0,"38":0,"39":0,"40":0,"41":0,"42":0,"43":0},"f":{"0":0,"1":0,"2":0,"3":0,"4":0,"5":0},"b":{"0":[0,0],"1":[0,0],"2":[0,0],"3":[0,0],"4":[0,0]},"meta":{"lastBranch":5,"lastFunction":6,"lastStatement":44,"seen":{"f:16:16:16:31":0,"s:17:20:17:Infinity":0,"s:18:18:18:Infinity":1,"s:19:18:19:Infinity":2,"s:20:20:20:48":3,"s:23:13:23:33":4,"s:24:2:24:Infinity":5,"s:25:2:25:Infinity":6,"s:26:2:26:Infinity":7,"s:27:2:27:Infinity":8,"s:28:2:28:Infinity":9,"s:31:2:33:Infinity":10,"s:36:2:38:Infinity":11,"s:40:2:42:Infinity":12,"s:45:22:45:Infinity":13,"b:45:46:45:58:45:58:45:Infinity":0,"s:46:21:46:Infinity":14,"b:46:45:46:51:46:51:46:Infinity":1,"s:47:2:49:Infinity":15,"s:51:2:53:Infinity":16,"s:56:22:61:Infinity":17,"s:62:2:66:Infinity":18,"f:62:14:62:23":1,"s:63:4:65:Infinity":19,"b:69:2:72:Infinity:undefined:undefined:undefined:undefined":2,"s:69:2:72:Infinity":20,"s:70:4:72:Infinity":21,"s:76:2:78:Infinity":22,"s:81:2:104:Infinity":23,"f:81:25:81:36":2,"s:82:4:103:Infinity":24,"f:82:24:82:34":3,"s:83:18:83:Infinity":25,"b:85:6:100:Infinity:99:13:100:Infinity":3,"s:85:6:100:Infinity":26,"s:86:23:86:55":27,"s:87:8:87:Infinity":28,"s:88:8:88:Infinity":29,"s:89:8:89:Infinity":30,"s:90:8:98:Infinity":31,"f:90:22:90:29":4,"b:91:10:91:Infinity:undefined:undefined:undefined:undefined":4,"s:91:10:91:Infinity":32,"s:91:21:91:Infinity":33,"s:92:23:92:87":34,"s:93:10:96:Infinity":35,"s:94:12:94:Infinity":36,"s:96:12:96:Infinity":37,"s:100:8:100:Infinity":38,"s:102:6:102:Infinity":39,"f:107:9:107:23":5,"s:108:15:108:42":40,"s:109:2:109:Infinity":41,"s:110:2:110:Infinity":42,"s:111:2:111:Infinity":43}}}
,"/Users/xiangfang/Developer/projects/Stock_Trading_Life_Simulation/src/utils/scoring.ts": {"path":"/Users/xiangfang/Developer/projects/Stock_Trading_Life_Simulation/src/utils/scoring.ts","statementMap":{"0":{"start":{"line":28,"column":22},"end":{"line":28,"column":80}},"1":{"start":{"line":29,"column":24},"end":{"line":29,"column":null}},"2":{"start":{"line":30,"column":23},"end":{"line":30,"column":75}},"3":{"start":{"line":33,"column":20},"end":{"line":34,"column":null}},"4":{"start":{"line":35,"column":23},"end":{"line":37,"column":4}},"5":{"start":{"line":40,"column":21},"end":{"line":41,"column":null}},"6":{"start":{"line":43,"column":23},"end":{"line":46,"column":null}},"7":{"start":{"line":47,"column":22},"end":{"line":47,"column":46}},"8":{"start":{"line":50,"column":24},"end":{"line":50,"column":67}},"9":{"start":{"line":51,"column":26},"end":{"line":51,"column":66}},"10":{"start":{"line":53,"column":2},"end":{"line":53,"column":null}},"11":{"start":{"line":56,"column":108},"end":{"line":97,"column":null}},"12":{"start":{"line":58,"column":20},"end":{"line":58,"column":null}},"13":{"start":{"line":63,"column":20},"end":{"line":63,"column":null}},"14":{"start":{"line":68,"column":20},"end":{"line":68,"column":null}},"15":{"start":{"line":73,"column":20},"end":{"line":73,"column":null}},"16":{"start":{"line":78,"column":20},"end":{"line":78,"column":null}},"17":{"start":{"line":83,"column":20},"end":{"line":83,"column":null}},"18":{"start":{"line":88,"column":20},"end":{"line":88,"column":null}},"19":{"start":{"line":93,"column":21},"end":{"line":93,"column":null}},"20":{"start":{"line":100,"column":2},"end":{"line":102,"column":null}},"21":{"start":{"line":101,"column":4},"end":{"line":102,"column":null}},"22":{"start":{"line":102,"column":6},"end":{"line":102,"column":null}},"23":{"start":{"line":105,"column":2},"end":{"line":105,"column":null}}},"fnMap":{"0":{"name":"calculateScores","decl":{"start":{"line":26,"column":16},"end":{"line":26,"column":32}},"loc":{"start":{"line":26,"column":64},"end":{"line":53,"column":null}},"line":26},"1":{"name":"(anonymous_1)","decl":{"start":{"line":58,"column":4},"end":{"line":58,"column":15}},"loc":{"start":{"line":58,"column":20},"end":{"line":58,"column":null}},"line":58},"2":{"name":"(anonymous_2)","decl":{"start":{"line":63,"column":4},"end":{"line":63,"column":15}},"loc":{"start":{"line":63,"column":20},"end":{"line":63,"column":null}},"line":63},"3":{"name":"(anonymous_3)","decl":{"start":{"line":68,"column":4},"end":{"line":68,"column":15}},"loc":{"start":{"line":68,"column":20},"end":{"line":68,"column":null}},"line":68},"4":{"name":"(anonymous_4)","decl":{"start":{"line":73,"column":4},"end":{"line":73,"column":15}},"loc":{"start":{"line":73,"column":20},"end":{"line":73,"column":null}},"line":73},"5":{"name":"(anonymous_5)","decl":{"start":{"line":78,"column":4},"end":{"line":78,"column":15}},"loc":{"start":{"line":78,"column":20},"end":{"line":78,"column":null}},"line":78},"6":{"name":"(anonymous_6)","decl":{"start":{"line":83,"column":4},"end":{"line":83,"column":15}},"loc":{"start":{"line":83,"column":20},"end":{"line":83,"column":null}},"line":83},"7":{"name":"(anonymous_7)","decl":{"start":{"line":88,"column":4},"end":{"line":88,"column":15}},"loc":{"start":{"line":88,"column":20},"end":{"line":88,"column":null}},"line":88},"8":{"name":"(anonymous_8)","decl":{"start":{"line":93,"column":4},"end":{"line":93,"column":21}},"loc":{"start":{"line":93,"column":21},"end":{"line":93,"column":null}},"line":93},"9":{"name":"generateTitle","decl":{"start":{"line":99,"column":16},"end":{"line":99,"column":30}},"loc":{"start":{"line":99,"column":64},"end":{"line":105,"column":null}},"line":99}},"branchMap":{"0":{"loc":{"start":{"line":33,"column":20},"end":{"line":34,"column":null}},"type":"cond-expr","locations":[{"start":{"line":34,"column":6},"end":{"line":34,"column":55}},{"start":{"line":34,"column":55},"end":{"line":34,"column":null}}],"line":33},"1":{"loc":{"start":{"line":40,"column":21},"end":{"line":41,"column":null}},"type":"cond-expr","locations":[{"start":{"line":41,"column":6},"end":{"line":41,"column":59}},{"start":{"line":41,"column":59},"end":{"line":41,"column":null}}],"line":40},"2":{"loc":{"start":{"line":43,"column":23},"end":{"line":46,"column":null}},"type":"cond-expr","locations":[{"start":{"line":43,"column":42},"end":{"line":43,"column":null}},{"start":{"line":44,"column":23},"end":{"line":46,"column":null}}],"line":43},"3":{"loc":{"start":{"line":44,"column":23},"end":{"line":46,"column":null}},"type":"cond-expr","locations":[{"start":{"line":44,"column":42},"end":{"line":44,"column":null}},{"start":{"line":45,"column":23},"end":{"line":46,"column":null}}],"line":44},"4":{"loc":{"start":{"line":45,"column":23},"end":{"line":46,"column":null}},"type":"cond-expr","locations":[{"start":{"line":45,"column":42},"end":{"line":45,"column":null}},{"start":{"line":46,"column":23},"end":{"line":46,"column":null}}],"line":45},"5":{"loc":{"start":{"line":46,"column":23},"end":{"line":46,"column":null}},"type":"cond-expr","locations":[{"start":{"line":46,"column":42},"end":{"line":46,"column":47}},{"start":{"line":46,"column":47},"end":{"line":46,"column":null}}],"line":46},"6":{"loc":{"start":{"line":58,"column":20},"end":{"line":58,"column":null}},"type":"binary-expr","locations":[{"start":{"line":58,"column":20},"end":{"line":58,"column":44}},{"start":{"line":58,"column":44},"end":{"line":58,"column":null}}],"line":58},"7":{"loc":{"start":{"line":68,"column":20},"end":{"line":68,"column":null}},"type":"binary-expr","locations":[{"start":{"line":68,"column":20},"end":{"line":68,"column":43}},{"start":{"line":68,"column":43},"end":{"line":68,"column":null}}],"line":68},"8":{"loc":{"start":{"line":73,"column":20},"end":{"line":73,"column":null}},"type":"binary-expr","locations":[{"start":{"line":73,"column":20},"end":{"line":73,"column":44}},{"start":{"line":73,"column":44},"end":{"line":73,"column":null}}],"line":73},"9":{"loc":{"start":{"line":101,"column":4},"end":{"line":102,"column":null}},"type":"if","locations":[{"start":{"line":101,"column":4},"end":{"line":102,"column":null}},{"start":{},"end":{}}],"line":101}},"s":{"0":2,"1":2,"2":2,"3":2,"4":2,"5":2,"6":2,"7":2,"8":2,"9":2,"10":2,"11":1,"12":3,"13":3,"14":3,"15":3,"16":2,"17":1,"18":1,"19":1,"20":3,"21":17,"22":3,"23":0},"f":{"0":2,"1":3,"2":3,"3":3,"4":3,"5":2,"6":1,"7":1,"8":1,"9":3},"b":{"0":[2,0],"1":[2,0],"2":[0,2],"3":[2,0],"4":[0,0],"5":[0,0],"6":[3,1],"7":[3,1],"8":[3,1],"9":[3,14]},"meta":{"lastBranch":10,"lastFunction":10,"lastStatement":24,"seen":{"f:26:16:26:32":0,"s:28:22:28:80":0,"s:29:24:29:Infinity":1,"s:30:23:30:75":2,"s:33:20:34:Infinity":3,"b:34:6:34:55:34:55:34:Infinity":0,"s:35:23:37:4":4,"s:40:21:41:Infinity":5,"b:41:6:41:59:41:59:41:Infinity":1,"s:43:23:46:Infinity":6,"b:43:42:43:Infinity:44:23:46:Infinity":2,"b:44:42:44:Infinity:45:23:46:Infinity":3,"b:45:42:45:Infinity:46:23:46:Infinity":4,"b:46:42:46:47:46:47:46:Infinity":5,"s:47:22:47:46":7,"s:50:24:50:67":8,"s:51:26:51:66":9,"s:53:2:53:Infinity":10,"s:56:108:97:Infinity":11,"f:58:4:58:15":1,"s:58:20:58:Infinity":12,"b:58:20:58:44:58:44:58:Infinity":6,"f:63:4:63:15":2,"s:63:20:63:Infinity":13,"f:68:4:68:15":3,"s:68:20:68:Infinity":14,"b:68:20:68:43:68:43:68:Infinity":7,"f:73:4:73:15":4,"s:73:20:73:Infinity":15,"b:73:20:73:44:73:44:73:Infinity":8,"f:78:4:78:15":5,"s:78:20:78:Infinity":16,"f:83:4:83:15":6,"s:83:20:83:Infinity":17,"f:88:4:88:15":7,"s:88:20:88:Infinity":18,"f:93:4:93:21":8,"s:93:21:93:Infinity":19,"f:99:16:99:30":9,"s:100:2:102:Infinity":20,"b:101:4:102:Infinity:undefined:undefined:undefined:undefined":9,"s:101:4:102:Infinity":21,"s:102:6:102:Infinity":22,"s:105:2:105:Infinity":23}}}
}
